<?xml version="1.0" encoding="UTF-8"?>
<coverage generated="1526278577018" clover="3.2.0">
  <project timestamp="1526278577018" name="All files">
    <metrics statements="26" coveredstatements="13" conditionals="6" coveredconditionals="3" methods="9" coveredmethods="3" elements="41" coveredelements="19" complexity="0" loc="26" ncloc="26" packages="4" files="6" classes="6">
      <package name="client.actions">
        <metrics statements="15" coveredstatements="5" conditionals="0" coveredconditionals="0" methods="7" coveredmethods="2"/>
        <file name="authActions.js" path="/Users/june/CAT/CAT-your-internet-usage/front-end/client/actions/authActions.js">
          <metrics statements="11" coveredstatements="1" conditionals="0" coveredconditionals="0" methods="6" coveredmethods="1"/>
          <line num="8" count="1" type="stmt"/>
          <line num="15" count="0" type="stmt"/>
          <line num="16" count="0" type="stmt"/>
          <line num="17" count="0" type="stmt"/>
          <line num="18" count="0" type="stmt"/>
          <line num="23" count="0" type="stmt"/>
          <line num="25" count="0" type="stmt"/>
          <line num="26" count="0" type="stmt"/>
          <line num="27" count="0" type="stmt"/>
          <line num="28" count="0" type="stmt"/>
          <line num="29" count="0" type="stmt"/>
        </file>
        <file name="flashMessages.js" path="/Users/june/CAT/CAT-your-internet-usage/front-end/client/actions/flashMessages.js">
          <metrics statements="1" coveredstatements="1" conditionals="0" coveredconditionals="0" methods="1" coveredmethods="1"/>
          <line num="4" count="1" type="stmt"/>
        </file>
        <file name="types.js" path="/Users/june/CAT/CAT-your-internet-usage/front-end/client/actions/types.js">
          <metrics statements="3" coveredstatements="3" conditionals="0" coveredconditionals="0" methods="0" coveredmethods="0"/>
          <line num="1" count="3" type="stmt"/>
          <line num="2" count="3" type="stmt"/>
          <line num="3" count="3" type="stmt"/>
        </file>
      </package>
      <package name="client.reducers">
        <metrics statements="4" coveredstatements="4" conditionals="4" coveredconditionals="3" methods="1" coveredmethods="1"/>
        <file name="auth.js" path="/Users/june/CAT/CAT-your-internet-usage/front-end/client/reducers/auth.js">
          <metrics statements="4" coveredstatements="4" conditionals="4" coveredconditionals="3" methods="1" coveredmethods="1"/>
          <line num="4" count="1" type="stmt"/>
          <line num="10" count="2" type="cond" truecount="2" falsecount="0"/>
          <line num="12" count="1" type="stmt"/>
          <line num="16" count="1" type="stmt"/>
        </file>
      </package>
      <package name="client.utils">
        <metrics statements="3" coveredstatements="0" conditionals="2" coveredconditionals="0" methods="1" coveredmethods="0"/>
        <file name="setAuthorizationToken.js" path="/Users/june/CAT/CAT-your-internet-usage/front-end/client/utils/setAuthorizationToken.js">
          <metrics statements="3" coveredstatements="0" conditionals="2" coveredconditionals="0" methods="1" coveredmethods="0"/>
          <line num="4" count="0" type="cond" truecount="0" falsecount="2"/>
          <line num="5" count="0" type="stmt"/>
          <line num="7" count="0" type="stmt"/>
        </file>
      </package>
      <package name="test">
        <metrics statements="4" coveredstatements="4" conditionals="0" coveredconditionals="0" methods="0" coveredmethods="0"/>
        <file name="jestsetup.js" path="/Users/june/CAT/CAT-your-internet-usage/front-end/test/jestsetup.js">
          <metrics statements="4" coveredstatements="4" conditionals="0" coveredconditionals="0" methods="0" coveredmethods="0"/>
          <line num="4" count="3" type="stmt"/>
          <line num="6" count="3" type="stmt"/>
          <line num="7" count="3" type="stmt"/>
          <line num="8" count="3" type="stmt"/>
        </file>
      </package>
    </metrics>
  </project>
</coverage>
