{"/home/ialy/sw/cat/front/CAT-your-internet-usage/front-end/client/actions/flashMessages.js": {"path":"/home/ialy/sw/cat/front/CAT-your-internet-usage/front-end/client/actions/flashMessages.js","statementMap":{"0":{"start":{"line":4,"column":2},"end":{"line":7,"column":3}},"1":{"start":{"line":11,"column":2},"end":{"line":14,"column":3}}},"fnMap":{"0":{"name":"addFlashMessage","decl":{"start":{"line":3,"column":16},"end":{"line":3,"column":31}},"loc":{"start":{"line":3,"column":40},"end":{"line":8,"column":1}},"line":3},"1":{"name":"deleteFlashMessage","decl":{"start":{"line":10,"column":16},"end":{"line":10,"column":34}},"loc":{"start":{"line":10,"column":38},"end":{"line":15,"column":1}},"line":10}},"branchMap":{},"s":{"0":1,"1":0},"f":{"0":1,"1":0},"b":{},"_coverageSchema":"332fd63041d2c1bcb487cc26dd0d5f7d97098a6c","hash":"cd46318bfcf58df00140c40f4258e28390523f19"}
,"/home/ialy/sw/cat/front/CAT-your-internet-usage/front-end/client/actions/signupActions.js": {"path":"/home/ialy/sw/cat/front/CAT-your-internet-usage/front-end/client/actions/signupActions.js","statementMap":{"0":{"start":{"line":4,"column":2},"end":{"line":6,"column":3}},"1":{"start":{"line":5,"column":4},"end":{"line":5,"column":66}}},"fnMap":{"0":{"name":"userSignupRequest","decl":{"start":{"line":3,"column":16},"end":{"line":3,"column":33}},"loc":{"start":{"line":3,"column":43},"end":{"line":7,"column":1}},"line":3},"1":{"name":"(anonymous_1)","decl":{"start":{"line":4,"column":9},"end":{"line":4,"column":10}},"loc":{"start":{"line":4,"column":21},"end":{"line":6,"column":3}},"line":4}},"branchMap":{},"s":{"0":0,"1":0},"f":{"0":0,"1":0},"b":{},"_coverageSchema":"332fd63041d2c1bcb487cc26dd0d5f7d97098a6c","hash":"1d953f266e2f8cd8b244c613b38f2706a8393312"}
,"/home/ialy/sw/cat/front/CAT-your-internet-usage/front-end/client/actions/types.js": {"path":"/home/ialy/sw/cat/front/CAT-your-internet-usage/front-end/client/actions/types.js","statementMap":{"0":{"start":{"line":1,"column":31},"end":{"line":1,"column":50}},"1":{"start":{"line":2,"column":34},"end":{"line":2,"column":56}},"2":{"start":{"line":3,"column":31},"end":{"line":3,"column":49}},"3":{"start":{"line":4,"column":21},"end":{"line":4,"column":29}},"4":{"start":{"line":5,"column":23},"end":{"line":5,"column":32}},"5":{"start":{"line":6,"column":39},"end":{"line":6,"column":65}}},"fnMap":{},"branchMap":{},"s":{"0":5,"1":5,"2":5,"3":5,"4":5,"5":5},"f":{},"b":{},"_coverageSchema":"332fd63041d2c1bcb487cc26dd0d5f7d97098a6c","hash":"1582ab0c4eac19c6d0348a30f518b1ee7c24e086"}
,"/home/ialy/sw/cat/front/CAT-your-internet-usage/front-end/client/actions/userActions.js": {"path":"/home/ialy/sw/cat/front/CAT-your-internet-usage/front-end/client/actions/userActions.js","statementMap":{"0":{"start":{"line":8,"column":18},"end":{"line":8,"column":50}},"1":{"start":{"line":9,"column":16},"end":{"line":9,"column":46}},"2":{"start":{"line":10,"column":19},"end":{"line":10,"column":52}},"3":{"start":{"line":11,"column":20},"end":{"line":11,"column":53}},"4":{"start":{"line":14,"column":2},"end":{"line":17,"column":4}},"5":{"start":{"line":21,"column":2},"end":{"line":23,"column":4}},"6":{"start":{"line":27,"column":2},"end":{"line":29,"column":3}},"7":{"start":{"line":33,"column":2},"end":{"line":36,"column":4}},"8":{"start":{"line":40,"column":2},"end":{"line":47,"column":3}},"9":{"start":{"line":41,"column":4},"end":{"line":41,"column":40}},"10":{"start":{"line":42,"column":4},"end":{"line":42,"column":34}},"11":{"start":{"line":43,"column":4},"end":{"line":43,"column":40}},"12":{"start":{"line":44,"column":4},"end":{"line":44,"column":33}},"13":{"start":{"line":46,"column":4},"end":{"line":46,"column":27}},"14":{"start":{"line":51,"column":12},"end":{"line":51,"column":30}},"15":{"start":{"line":53,"column":2},"end":{"line":64,"column":3}},"16":{"start":{"line":54,"column":4},"end":{"line":63,"column":7}},"17":{"start":{"line":55,"column":24},"end":{"line":61,"column":7}},"18":{"start":{"line":62,"column":6},"end":{"line":62,"column":44}},"19":{"start":{"line":69,"column":12},"end":{"line":69,"column":26}},"20":{"start":{"line":71,"column":2},"end":{"line":86,"column":3}},"21":{"start":{"line":72,"column":4},"end":{"line":85,"column":7}},"22":{"start":{"line":73,"column":20},"end":{"line":73,"column":34}},"23":{"start":{"line":74,"column":6},"end":{"line":74,"column":46}},"24":{"start":{"line":75,"column":6},"end":{"line":75,"column":51}},"25":{"start":{"line":76,"column":6},"end":{"line":76,"column":35}},"26":{"start":{"line":77,"column":24},"end":{"line":83,"column":7}},"27":{"start":{"line":84,"column":6},"end":{"line":84,"column":44}},"28":{"start":{"line":90,"column":12},"end":{"line":90,"column":30}},"29":{"start":{"line":92,"column":2},"end":{"line":112,"column":3}},"30":{"start":{"line":93,"column":4},"end":{"line":97,"column":6}},"31":{"start":{"line":94,"column":6},"end":{"line":96,"column":9}},"32":{"start":{"line":95,"column":8},"end":{"line":95,"column":27}},"33":{"start":{"line":100,"column":4},"end":{"line":111,"column":6}},"34":{"start":{"line":101,"column":6},"end":{"line":110,"column":9}},"35":{"start":{"line":102,"column":26},"end":{"line":108,"column":9}},"36":{"start":{"line":109,"column":8},"end":{"line":109,"column":46}},"37":{"start":{"line":116,"column":12},"end":{"line":116,"column":30}},"38":{"start":{"line":118,"column":2},"end":{"line":133,"column":3}},"39":{"start":{"line":119,"column":4},"end":{"line":132,"column":7}},"40":{"start":{"line":124,"column":24},"end":{"line":130,"column":7}},"41":{"start":{"line":131,"column":6},"end":{"line":131,"column":44}},"42":{"start":{"line":137,"column":12},"end":{"line":137,"column":34}},"43":{"start":{"line":140,"column":2},"end":{"line":182,"column":3}},"44":{"start":{"line":141,"column":17},"end":{"line":141,"column":31}},"45":{"start":{"line":142,"column":4},"end":{"line":169,"column":6}},"46":{"start":{"line":142,"column":18},"end":{"line":145,"column":6}},"47":{"start":{"line":146,"column":9},"end":{"line":169,"column":6}},"48":{"start":{"line":146,"column":23},"end":{"line":149,"column":6}},"49":{"start":{"line":150,"column":9},"end":{"line":169,"column":6}},"50":{"start":{"line":150,"column":23},"end":{"line":153,"column":6}},"51":{"start":{"line":154,"column":9},"end":{"line":169,"column":6}},"52":{"start":{"line":154,"column":23},"end":{"line":157,"column":6}},"53":{"start":{"line":158,"column":9},"end":{"line":169,"column":6}},"54":{"start":{"line":158,"column":23},"end":{"line":161,"column":6}},"55":{"start":{"line":162,"column":9},"end":{"line":169,"column":6}},"56":{"start":{"line":162,"column":23},"end":{"line":165,"column":6}},"57":{"start":{"line":166,"column":9},"end":{"line":169,"column":6}},"58":{"start":{"line":166,"column":23},"end":{"line":169,"column":6}},"59":{"start":{"line":171,"column":22},"end":{"line":171,"column":29}},"60":{"start":{"line":172,"column":4},"end":{"line":172,"column":37}},"61":{"start":{"line":173,"column":4},"end":{"line":173,"column":41}},"62":{"start":{"line":175,"column":4},"end":{"line":177,"column":7}},"63":{"start":{"line":176,"column":6},"end":{"line":176,"column":44}},"64":{"start":{"line":181,"column":4},"end":{"line":181,"column":19}},"65":{"start":{"line":186,"column":12},"end":{"line":186,"column":33}},"66":{"start":{"line":188,"column":2},"end":{"line":195,"column":3}},"67":{"start":{"line":189,"column":4},"end":{"line":194,"column":7}},"68":{"start":{"line":193,"column":6},"end":{"line":193,"column":48}}},"fnMap":{"0":{"name":"setCurrentUser","decl":{"start":{"line":13,"column":16},"end":{"line":13,"column":30}},"loc":{"start":{"line":13,"column":36},"end":{"line":18,"column":1}},"line":13},"1":{"name":"logoutUser","decl":{"start":{"line":20,"column":16},"end":{"line":20,"column":26}},"loc":{"start":{"line":20,"column":28},"end":{"line":24,"column":1}},"line":20},"2":{"name":"nothing","decl":{"start":{"line":26,"column":16},"end":{"line":26,"column":23}},"loc":{"start":{"line":26,"column":25},"end":{"line":30,"column":1}},"line":26},"3":{"name":"setCurrentUserSetting","decl":{"start":{"line":32,"column":16},"end":{"line":32,"column":37}},"loc":{"start":{"line":32,"column":46},"end":{"line":37,"column":1}},"line":32},"4":{"name":"logout","decl":{"start":{"line":39,"column":16},"end":{"line":39,"column":22}},"loc":{"start":{"line":39,"column":24},"end":{"line":48,"column":1}},"line":39},"5":{"name":"(anonymous_5)","decl":{"start":{"line":40,"column":9},"end":{"line":40,"column":10}},"loc":{"start":{"line":40,"column":21},"end":{"line":47,"column":3}},"line":40},"6":{"name":"setCurrentUserById","decl":{"start":{"line":50,"column":16},"end":{"line":50,"column":34}},"loc":{"start":{"line":50,"column":39},"end":{"line":65,"column":1}},"line":50},"7":{"name":"(anonymous_7)","decl":{"start":{"line":53,"column":9},"end":{"line":53,"column":10}},"loc":{"start":{"line":53,"column":21},"end":{"line":64,"column":3}},"line":53},"8":{"name":"(anonymous_8)","decl":{"start":{"line":54,"column":31},"end":{"line":54,"column":32}},"loc":{"start":{"line":54,"column":38},"end":{"line":63,"column":5}},"line":54},"9":{"name":"login","decl":{"start":{"line":68,"column":16},"end":{"line":68,"column":21}},"loc":{"start":{"line":68,"column":27},"end":{"line":87,"column":1}},"line":68},"10":{"name":"(anonymous_10)","decl":{"start":{"line":71,"column":9},"end":{"line":71,"column":10}},"loc":{"start":{"line":71,"column":20},"end":{"line":86,"column":3}},"line":71},"11":{"name":"(anonymous_11)","decl":{"start":{"line":72,"column":37},"end":{"line":72,"column":38}},"loc":{"start":{"line":72,"column":43},"end":{"line":85,"column":5}},"line":72},"12":{"name":"putLast","decl":{"start":{"line":89,"column":16},"end":{"line":89,"column":23}},"loc":{"start":{"line":89,"column":45},"end":{"line":113,"column":1}},"line":89},"13":{"name":"(anonymous_13)","decl":{"start":{"line":93,"column":11},"end":{"line":93,"column":12}},"loc":{"start":{"line":93,"column":23},"end":{"line":97,"column":5}},"line":93},"14":{"name":"(anonymous_14)","decl":{"start":{"line":94,"column":63},"end":{"line":94,"column":64}},"loc":{"start":{"line":94,"column":70},"end":{"line":96,"column":7}},"line":94},"15":{"name":"(anonymous_15)","decl":{"start":{"line":100,"column":11},"end":{"line":100,"column":12}},"loc":{"start":{"line":100,"column":23},"end":{"line":111,"column":5}},"line":100},"16":{"name":"(anonymous_16)","decl":{"start":{"line":101,"column":63},"end":{"line":101,"column":64}},"loc":{"start":{"line":101,"column":70},"end":{"line":110,"column":7}},"line":101},"17":{"name":"putToday","decl":{"start":{"line":115,"column":16},"end":{"line":115,"column":24}},"loc":{"start":{"line":115,"column":48},"end":{"line":134,"column":1}},"line":115},"18":{"name":"(anonymous_18)","decl":{"start":{"line":118,"column":9},"end":{"line":118,"column":10}},"loc":{"start":{"line":118,"column":21},"end":{"line":133,"column":3}},"line":118},"19":{"name":"(anonymous_19)","decl":{"start":{"line":123,"column":12},"end":{"line":123,"column":13}},"loc":{"start":{"line":123,"column":19},"end":{"line":132,"column":5}},"line":123},"20":{"name":"putTimeline","decl":{"start":{"line":136,"column":16},"end":{"line":136,"column":27}},"loc":{"start":{"line":136,"column":65},"end":{"line":183,"column":1}},"line":136},"21":{"name":"(anonymous_21)","decl":{"start":{"line":175,"column":40},"end":{"line":175,"column":41}},"loc":{"start":{"line":175,"column":47},"end":{"line":177,"column":5}},"line":175},"22":{"name":"putSetting","decl":{"start":{"line":185,"column":16},"end":{"line":185,"column":26}},"loc":{"start":{"line":185,"column":61},"end":{"line":196,"column":1}},"line":185},"23":{"name":"(anonymous_23)","decl":{"start":{"line":188,"column":9},"end":{"line":188,"column":10}},"loc":{"start":{"line":188,"column":21},"end":{"line":195,"column":3}},"line":188},"24":{"name":"(anonymous_24)","decl":{"start":{"line":192,"column":12},"end":{"line":192,"column":13}},"loc":{"start":{"line":192,"column":19},"end":{"line":194,"column":5}},"line":192}},"branchMap":{"0":{"loc":{"start":{"line":92,"column":2},"end":{"line":112,"column":3}},"type":"if","locations":[{"start":{"line":92,"column":2},"end":{"line":112,"column":3}},{"start":{"line":92,"column":2},"end":{"line":112,"column":3}}],"line":92},"1":{"loc":{"start":{"line":142,"column":4},"end":{"line":169,"column":6}},"type":"if","locations":[{"start":{"line":142,"column":4},"end":{"line":169,"column":6}},{"start":{"line":142,"column":4},"end":{"line":169,"column":6}}],"line":142},"2":{"loc":{"start":{"line":146,"column":9},"end":{"line":169,"column":6}},"type":"if","locations":[{"start":{"line":146,"column":9},"end":{"line":169,"column":6}},{"start":{"line":146,"column":9},"end":{"line":169,"column":6}}],"line":146},"3":{"loc":{"start":{"line":150,"column":9},"end":{"line":169,"column":6}},"type":"if","locations":[{"start":{"line":150,"column":9},"end":{"line":169,"column":6}},{"start":{"line":150,"column":9},"end":{"line":169,"column":6}}],"line":150},"4":{"loc":{"start":{"line":154,"column":9},"end":{"line":169,"column":6}},"type":"if","locations":[{"start":{"line":154,"column":9},"end":{"line":169,"column":6}},{"start":{"line":154,"column":9},"end":{"line":169,"column":6}}],"line":154},"5":{"loc":{"start":{"line":158,"column":9},"end":{"line":169,"column":6}},"type":"if","locations":[{"start":{"line":158,"column":9},"end":{"line":169,"column":6}},{"start":{"line":158,"column":9},"end":{"line":169,"column":6}}],"line":158},"6":{"loc":{"start":{"line":162,"column":9},"end":{"line":169,"column":6}},"type":"if","locations":[{"start":{"line":162,"column":9},"end":{"line":169,"column":6}},{"start":{"line":162,"column":9},"end":{"line":169,"column":6}}],"line":162},"7":{"loc":{"start":{"line":166,"column":9},"end":{"line":169,"column":6}},"type":"if","locations":[{"start":{"line":166,"column":9},"end":{"line":169,"column":6}},{"start":{"line":166,"column":9},"end":{"line":169,"column":6}}],"line":166}},"s":{"0":3,"1":3,"2":3,"3":3,"4":1,"5":1,"6":1,"7":1,"8":1,"9":0,"10":0,"11":0,"12":0,"13":0,"14":1,"15":1,"16":0,"17":0,"18":0,"19":1,"20":1,"21":0,"22":0,"23":0,"24":0,"25":0,"26":0,"27":0,"28":1,"29":1,"30":1,"31":0,"32":0,"33":0,"34":0,"35":0,"36":0,"37":1,"38":1,"39":0,"40":0,"41":0,"42":1,"43":1,"44":1,"45":1,"46":0,"47":1,"48":0,"49":1,"50":0,"51":1,"52":0,"53":1,"54":0,"55":1,"56":0,"57":1,"58":0,"59":1,"60":1,"61":1,"62":1,"63":0,"64":0,"65":1,"66":1,"67":0,"68":0},"f":{"0":1,"1":1,"2":1,"3":1,"4":1,"5":0,"6":1,"7":0,"8":0,"9":1,"10":0,"11":0,"12":1,"13":0,"14":0,"15":0,"16":0,"17":1,"18":0,"19":0,"20":1,"21":0,"22":1,"23":0,"24":0},"b":{"0":[1,0],"1":[0,1],"2":[0,1],"3":[0,1],"4":[0,1],"5":[0,1],"6":[0,1],"7":[0,1]},"_coverageSchema":"332fd63041d2c1bcb487cc26dd0d5f7d97098a6c","hash":"9f918faba9365a972782ec6d69edd2dfbf39bca1"}
,"/home/ialy/sw/cat/front/CAT-your-internet-usage/front-end/client/components/common/TextFieldGroup.js": {"path":"/home/ialy/sw/cat/front/CAT-your-internet-usage/front-end/client/components/common/TextFieldGroup.js","statementMap":{"0":{"start":{"line":4,"column":22},"end":{"line":18,"column":1}},"1":{"start":{"line":5,"column":2},"end":{"line":17,"column":4}},"2":{"start":{"line":20,"column":0},"end":{"line":27,"column":1}},"3":{"start":{"line":29,"column":0},"end":{"line":31,"column":1}}},"fnMap":{"0":{"name":"(anonymous_0)","decl":{"start":{"line":4,"column":22},"end":{"line":4,"column":23}},"loc":{"start":{"line":4,"column":74},"end":{"line":18,"column":1}},"line":4}},"branchMap":{"0":{"loc":{"start":{"line":15,"column":7},"end":{"line":15,"column":59}},"type":"binary-expr","locations":[{"start":{"line":15,"column":7},"end":{"line":15,"column":12}},{"start":{"line":15,"column":16},"end":{"line":15,"column":59}}],"line":15}},"s":{"0":1,"1":0,"2":1,"3":1},"f":{"0":0},"b":{"0":[0,0]},"_coverageSchema":"332fd63041d2c1bcb487cc26dd0d5f7d97098a6c","hash":"0c24ba0b2c7b5c1b31f5f2acdc6db2c3a13f0b4b"}
,"/home/ialy/sw/cat/front/CAT-your-internet-usage/front-end/client/components/login/LoginForm.js": {"path":"/home/ialy/sw/cat/front/CAT-your-internet-usage/front-end/client/components/login/LoginForm.js","statementMap":{"0":{"start":{"line":10,"column":4},"end":{"line":10,"column":17}},"1":{"start":{"line":11,"column":4},"end":{"line":16,"column":6}},"2":{"start":{"line":18,"column":4},"end":{"line":18,"column":45}},"3":{"start":{"line":19,"column":4},"end":{"line":19,"column":45}},"4":{"start":{"line":24,"column":32},"end":{"line":24,"column":57}},"5":{"start":{"line":26,"column":4},"end":{"line":28,"column":5}},"6":{"start":{"line":27,"column":6},"end":{"line":27,"column":32}},"7":{"start":{"line":30,"column":4},"end":{"line":30,"column":19}},"8":{"start":{"line":34,"column":4},"end":{"line":34,"column":23}},"9":{"start":{"line":35,"column":4},"end":{"line":55,"column":5}},"10":{"start":{"line":36,"column":6},"end":{"line":36,"column":53}},"11":{"start":{"line":37,"column":6},"end":{"line":54,"column":8}},"12":{"start":{"line":39,"column":10},"end":{"line":43,"column":13}},"13":{"start":{"line":44,"column":10},"end":{"line":44,"column":44}},"14":{"start":{"line":45,"column":10},"end":{"line":45,"column":63}},"15":{"start":{"line":48,"column":10},"end":{"line":51,"column":13}},"16":{"start":{"line":52,"column":10},"end":{"line":52,"column":72}},"17":{"start":{"line":59,"column":4},"end":{"line":59,"column":55}},"18":{"start":{"line":63,"column":54},"end":{"line":63,"column":64}},"19":{"start":{"line":65,"column":4},"end":{"line":90,"column":6}},"20":{"start":{"line":94,"column":0},"end":{"line":97,"column":1}},"21":{"start":{"line":99,"column":0},"end":{"line":101,"column":1}}},"fnMap":{"0":{"name":"(anonymous_0)","decl":{"start":{"line":9,"column":2},"end":{"line":9,"column":3}},"loc":{"start":{"line":9,"column":21},"end":{"line":20,"column":3}},"line":9},"1":{"name":"(anonymous_1)","decl":{"start":{"line":23,"column":2},"end":{"line":23,"column":3}},"loc":{"start":{"line":23,"column":12},"end":{"line":31,"column":3}},"line":23},"2":{"name":"(anonymous_2)","decl":{"start":{"line":33,"column":2},"end":{"line":33,"column":3}},"loc":{"start":{"line":33,"column":14},"end":{"line":56,"column":3}},"line":33},"3":{"name":"(anonymous_3)","decl":{"start":{"line":38,"column":8},"end":{"line":38,"column":9}},"loc":{"start":{"line":38,"column":17},"end":{"line":46,"column":9}},"line":38},"4":{"name":"(anonymous_4)","decl":{"start":{"line":47,"column":8},"end":{"line":47,"column":9}},"loc":{"start":{"line":47,"column":17},"end":{"line":53,"column":9}},"line":47},"5":{"name":"(anonymous_5)","decl":{"start":{"line":58,"column":2},"end":{"line":58,"column":3}},"loc":{"start":{"line":58,"column":14},"end":{"line":60,"column":3}},"line":58},"6":{"name":"(anonymous_6)","decl":{"start":{"line":62,"column":2},"end":{"line":62,"column":3}},"loc":{"start":{"line":62,"column":11},"end":{"line":91,"column":3}},"line":62}},"branchMap":{"0":{"loc":{"start":{"line":26,"column":4},"end":{"line":28,"column":5}},"type":"if","locations":[{"start":{"line":26,"column":4},"end":{"line":28,"column":5}},{"start":{"line":26,"column":4},"end":{"line":28,"column":5}}],"line":26},"1":{"loc":{"start":{"line":35,"column":4},"end":{"line":55,"column":5}},"type":"if","locations":[{"start":{"line":35,"column":4},"end":{"line":55,"column":5}},{"start":{"line":35,"column":4},"end":{"line":55,"column":5}}],"line":35},"2":{"loc":{"start":{"line":69,"column":10},"end":{"line":69,"column":80}},"type":"binary-expr","locations":[{"start":{"line":69,"column":10},"end":{"line":69,"column":21}},{"start":{"line":69,"column":25},"end":{"line":69,"column":80}}],"line":69}},"s":{"0":0,"1":0,"2":0,"3":0,"4":0,"5":0,"6":0,"7":0,"8":0,"9":0,"10":0,"11":0,"12":0,"13":0,"14":0,"15":0,"16":0,"17":0,"18":0,"19":0,"20":1,"21":1},"f":{"0":0,"1":0,"2":0,"3":0,"4":0,"5":0,"6":0},"b":{"0":[0,0],"1":[0,0],"2":[0,0]},"_coverageSchema":"332fd63041d2c1bcb487cc26dd0d5f7d97098a6c","hash":"b4caf5eba391f6e56c0ade677b59df0fc1ed20c9"}
,"/home/ialy/sw/cat/front/CAT-your-internet-usage/front-end/client/components/nowTime/NowTimeForm.js": {"path":"/home/ialy/sw/cat/front/CAT-your-internet-usage/front-end/client/components/nowTime/NowTimeForm.js","statementMap":{"0":{"start":{"line":6,"column":4},"end":{"line":6,"column":17}},"1":{"start":{"line":8,"column":4},"end":{"line":10,"column":5}},"2":{"start":{"line":14,"column":13},"end":{"line":14,"column":35}},"3":{"start":{"line":15,"column":13},"end":{"line":15,"column":38}},"4":{"start":{"line":16,"column":13},"end":{"line":16,"column":37}},"5":{"start":{"line":17,"column":4},"end":{"line":17,"column":43}},"6":{"start":{"line":21,"column":4},"end":{"line":21,"column":50}},"7":{"start":{"line":21,"column":37},"end":{"line":21,"column":50}},"8":{"start":{"line":22,"column":4},"end":{"line":22,"column":42}},"9":{"start":{"line":26,"column":4},"end":{"line":28,"column":12}},"10":{"start":{"line":27,"column":6},"end":{"line":27,"column":43}},"11":{"start":{"line":32,"column":4},"end":{"line":32,"column":32}},"12":{"start":{"line":37,"column":11},"end":{"line":37,"column":12}},"13":{"start":{"line":38,"column":11},"end":{"line":38,"column":12}},"14":{"start":{"line":40,"column":4},"end":{"line":43,"column":5}},"15":{"start":{"line":41,"column":6},"end":{"line":41,"column":91}},"16":{"start":{"line":42,"column":6},"end":{"line":42,"column":76}},"17":{"start":{"line":45,"column":4},"end":{"line":64,"column":5}}},"fnMap":{"0":{"name":"(anonymous_0)","decl":{"start":{"line":5,"column":2},"end":{"line":5,"column":3}},"loc":{"start":{"line":5,"column":21},"end":{"line":11,"column":3}},"line":5},"1":{"name":"(anonymous_1)","decl":{"start":{"line":13,"column":2},"end":{"line":13,"column":3}},"loc":{"start":{"line":13,"column":17},"end":{"line":18,"column":3}},"line":13},"2":{"name":"(anonymous_2)","decl":{"start":{"line":20,"column":2},"end":{"line":20,"column":3}},"loc":{"start":{"line":20,"column":16},"end":{"line":23,"column":3}},"line":20},"3":{"name":"(anonymous_3)","decl":{"start":{"line":25,"column":2},"end":{"line":25,"column":3}},"loc":{"start":{"line":25,"column":22},"end":{"line":29,"column":3}},"line":25},"4":{"name":"(anonymous_4)","decl":{"start":{"line":26,"column":32},"end":{"line":26,"column":33}},"loc":{"start":{"line":26,"column":38},"end":{"line":28,"column":5}},"line":26},"5":{"name":"(anonymous_5)","decl":{"start":{"line":31,"column":2},"end":{"line":31,"column":3}},"loc":{"start":{"line":31,"column":25},"end":{"line":33,"column":3}},"line":31},"6":{"name":"(anonymous_6)","decl":{"start":{"line":35,"column":2},"end":{"line":35,"column":3}},"loc":{"start":{"line":35,"column":11},"end":{"line":65,"column":3}},"line":35}},"branchMap":{"0":{"loc":{"start":{"line":21,"column":4},"end":{"line":21,"column":50}},"type":"if","locations":[{"start":{"line":21,"column":4},"end":{"line":21,"column":50}},{"start":{"line":21,"column":4},"end":{"line":21,"column":50}}],"line":21},"1":{"loc":{"start":{"line":40,"column":4},"end":{"line":43,"column":5}},"type":"if","locations":[{"start":{"line":40,"column":4},"end":{"line":43,"column":5}},{"start":{"line":40,"column":4},"end":{"line":43,"column":5}}],"line":40},"2":{"loc":{"start":{"line":48,"column":12},"end":{"line":60,"column":15}},"type":"cond-expr","locations":[{"start":{"line":50,"column":16},"end":{"line":54,"column":22}},{"start":{"line":57,"column":16},"end":{"line":59,"column":22}}],"line":48}},"s":{"0":2,"1":2,"2":0,"3":0,"4":0,"5":0,"6":4,"7":2,"8":2,"9":2,"10":0,"11":0,"12":2,"13":2,"14":2,"15":0,"16":0,"17":2},"f":{"0":2,"1":0,"2":4,"3":2,"4":0,"5":0,"6":2},"b":{"0":[2,2],"1":[0,2],"2":[0,2]},"_coverageSchema":"332fd63041d2c1bcb487cc26dd0d5f7d97098a6c","hash":"cd962606dec3d891f9e609b2dc7def8941e914e8"}
,"/home/ialy/sw/cat/front/CAT-your-internet-usage/front-end/client/components/nowTime/NowTimePage.js": {"path":"/home/ialy/sw/cat/front/CAT-your-internet-usage/front-end/client/components/nowTime/NowTimePage.js","statementMap":{"0":{"start":{"line":7,"column":4},"end":{"line":9,"column":6}},"1":{"start":{"line":13,"column":24},"end":{"line":17,"column":1}},"2":{"start":{"line":14,"column":2},"end":{"line":16,"column":3}},"3":{"start":{"line":19,"column":27},"end":{"line":22,"column":1}},"4":{"start":{"line":20,"column":2},"end":{"line":21,"column":3}}},"fnMap":{"0":{"name":"(anonymous_0)","decl":{"start":{"line":6,"column":2},"end":{"line":6,"column":3}},"loc":{"start":{"line":6,"column":11},"end":{"line":10,"column":3}},"line":6},"1":{"name":"(anonymous_1)","decl":{"start":{"line":13,"column":24},"end":{"line":13,"column":25}},"loc":{"start":{"line":13,"column":35},"end":{"line":17,"column":1}},"line":13},"2":{"name":"(anonymous_2)","decl":{"start":{"line":19,"column":27},"end":{"line":19,"column":28}},"loc":{"start":{"line":19,"column":41},"end":{"line":22,"column":1}},"line":19}},"branchMap":{},"s":{"0":1,"1":1,"2":1,"3":1,"4":1},"f":{"0":1,"1":1,"2":1},"b":{},"_coverageSchema":"332fd63041d2c1bcb487cc26dd0d5f7d97098a6c","hash":"bf288316463d0a0e0f0f3e1ff101668722d9d884"}
,"/home/ialy/sw/cat/front/CAT-your-internet-usage/front-end/client/reducers/user.js": {"path":"/home/ialy/sw/cat/front/CAT-your-internet-usage/front-end/client/reducers/user.js","statementMap":{"0":{"start":{"line":4,"column":28},"end":{"line":13,"column":1}},"1":{"start":{"line":16,"column":2},"end":{"line":30,"column":3}},"2":{"start":{"line":18,"column":6},"end":{"line":21,"column":8}},"3":{"start":{"line":24,"column":6},"end":{"line":24,"column":26}},"4":{"start":{"line":27,"column":6},"end":{"line":27,"column":19}},"5":{"start":{"line":29,"column":13},"end":{"line":29,"column":26}}},"fnMap":{"0":{"name":"(anonymous_0)","decl":{"start":{"line":15,"column":15},"end":{"line":15,"column":16}},"loc":{"start":{"line":15,"column":54},"end":{"line":31,"column":1}},"line":15}},"branchMap":{"0":{"loc":{"start":{"line":15,"column":16},"end":{"line":15,"column":36}},"type":"default-arg","locations":[{"start":{"line":15,"column":24},"end":{"line":15,"column":36}}],"line":15},"1":{"loc":{"start":{"line":15,"column":38},"end":{"line":15,"column":49}},"type":"default-arg","locations":[{"start":{"line":15,"column":47},"end":{"line":15,"column":49}}],"line":15},"2":{"loc":{"start":{"line":16,"column":2},"end":{"line":30,"column":3}},"type":"switch","locations":[{"start":{"line":17,"column":4},"end":{"line":21,"column":8}},{"start":{"line":23,"column":4},"end":{"line":24,"column":26}},{"start":{"line":26,"column":4},"end":{"line":27,"column":19}},{"start":{"line":29,"column":4},"end":{"line":29,"column":26}}],"line":16}},"s":{"0":1,"1":4,"2":1,"3":1,"4":1,"5":1},"f":{"0":4},"b":{"0":[1],"1":[0],"2":[1,1,1,1]},"_coverageSchema":"332fd63041d2c1bcb487cc26dd0d5f7d97098a6c","hash":"b4b5583143a6de893bdb22f03168889758970220"}
,"/home/ialy/sw/cat/front/CAT-your-internet-usage/front-end/client/utils/setAuthorizationToken.js": {"path":"/home/ialy/sw/cat/front/CAT-your-internet-usage/front-end/client/utils/setAuthorizationToken.js","statementMap":{"0":{"start":{"line":4,"column":2},"end":{"line":8,"column":3}},"1":{"start":{"line":5,"column":4},"end":{"line":5,"column":71}},"2":{"start":{"line":7,"column":4},"end":{"line":7,"column":58}}},"fnMap":{"0":{"name":"setAuthorizationToken","decl":{"start":{"line":3,"column":24},"end":{"line":3,"column":45}},"loc":{"start":{"line":3,"column":52},"end":{"line":9,"column":1}},"line":3}},"branchMap":{"0":{"loc":{"start":{"line":4,"column":2},"end":{"line":8,"column":3}},"type":"if","locations":[{"start":{"line":4,"column":2},"end":{"line":8,"column":3}},{"start":{"line":4,"column":2},"end":{"line":8,"column":3}}],"line":4}},"s":{"0":0,"1":0,"2":0},"f":{"0":0},"b":{"0":[0,0]},"_coverageSchema":"332fd63041d2c1bcb487cc26dd0d5f7d97098a6c","hash":"da1775f086cd46dac84f3b2476b2882bf52f228e"}
,"/home/ialy/sw/cat/front/CAT-your-internet-usage/front-end/server/shared/validations/login.js": {"path":"/home/ialy/sw/cat/front/CAT-your-internet-usage/front-end/server/shared/validations/login.js","statementMap":{"0":{"start":{"line":5,"column":15},"end":{"line":5,"column":17}},"1":{"start":{"line":7,"column":2},"end":{"line":9,"column":3}},"2":{"start":{"line":8,"column":4},"end":{"line":8,"column":47}},"3":{"start":{"line":11,"column":2},"end":{"line":13,"column":3}},"4":{"start":{"line":12,"column":4},"end":{"line":12,"column":47}},"5":{"start":{"line":15,"column":2},"end":{"line":18,"column":4}}},"fnMap":{"0":{"name":"validateInput","decl":{"start":{"line":4,"column":24},"end":{"line":4,"column":37}},"loc":{"start":{"line":4,"column":44},"end":{"line":19,"column":1}},"line":4}},"branchMap":{"0":{"loc":{"start":{"line":7,"column":2},"end":{"line":9,"column":3}},"type":"if","locations":[{"start":{"line":7,"column":2},"end":{"line":9,"column":3}},{"start":{"line":7,"column":2},"end":{"line":9,"column":3}}],"line":7},"1":{"loc":{"start":{"line":11,"column":2},"end":{"line":13,"column":3}},"type":"if","locations":[{"start":{"line":11,"column":2},"end":{"line":13,"column":3}},{"start":{"line":11,"column":2},"end":{"line":13,"column":3}}],"line":11}},"s":{"0":0,"1":0,"2":0,"3":0,"4":0,"5":0},"f":{"0":0},"b":{"0":[0,0],"1":[0,0]},"_coverageSchema":"332fd63041d2c1bcb487cc26dd0d5f7d97098a6c","hash":"b8425eb78553717318790321be072684f6d53306"}
,"/home/ialy/sw/cat/front/CAT-your-internet-usage/front-end/test/jestsetup.js": {"path":"/home/ialy/sw/cat/front/CAT-your-internet-usage/front-end/test/jestsetup.js","statementMap":{"0":{"start":{"line":14,"column":0},"end":{"line":14,"column":38}}},"fnMap":{},"branchMap":{},"s":{"0":9},"f":{},"b":{},"_coverageSchema":"332fd63041d2c1bcb487cc26dd0d5f7d97098a6c","hash":"52da6b4cda46b61936fe031ab47d6e4ac7f9dda4"}
}
