{"/Users/june/CAT/CAT-your-internet-usage/front-end/client/actions/flashMessages.js": {"path":"/Users/june/CAT/CAT-your-internet-usage/front-end/client/actions/flashMessages.js","statementMap":{"0":{"start":{"line":4,"column":2},"end":{"line":7,"column":3}},"1":{"start":{"line":11,"column":2},"end":{"line":14,"column":3}}},"fnMap":{"0":{"name":"addFlashMessage","decl":{"start":{"line":3,"column":16},"end":{"line":3,"column":31}},"loc":{"start":{"line":3,"column":40},"end":{"line":8,"column":1}},"line":3},"1":{"name":"deleteFlashMessage","decl":{"start":{"line":10,"column":16},"end":{"line":10,"column":34}},"loc":{"start":{"line":10,"column":38},"end":{"line":15,"column":1}},"line":10}},"branchMap":{},"s":{"0":1,"1":0},"f":{"0":1,"1":0},"b":{},"_coverageSchema":"332fd63041d2c1bcb487cc26dd0d5f7d97098a6c","hash":"1bb3c5286a82b6683fb68b0ca4f12d1c479e062f"}
,"/Users/june/CAT/CAT-your-internet-usage/front-end/client/actions/signupActions.js": {"path":"/Users/june/CAT/CAT-your-internet-usage/front-end/client/actions/signupActions.js","statementMap":{"0":{"start":{"line":4,"column":2},"end":{"line":6,"column":3}},"1":{"start":{"line":5,"column":4},"end":{"line":5,"column":66}}},"fnMap":{"0":{"name":"userSignupRequest","decl":{"start":{"line":3,"column":16},"end":{"line":3,"column":33}},"loc":{"start":{"line":3,"column":43},"end":{"line":7,"column":1}},"line":3},"1":{"name":"(anonymous_1)","decl":{"start":{"line":4,"column":9},"end":{"line":4,"column":10}},"loc":{"start":{"line":4,"column":21},"end":{"line":6,"column":3}},"line":4}},"branchMap":{},"s":{"0":0,"1":0},"f":{"0":0,"1":0},"b":{},"_coverageSchema":"332fd63041d2c1bcb487cc26dd0d5f7d97098a6c","hash":"12f0b063da4a5a22f9e1f22ef7db0287f102c34d"}
,"/Users/june/CAT/CAT-your-internet-usage/front-end/client/actions/types.js": {"path":"/Users/june/CAT/CAT-your-internet-usage/front-end/client/actions/types.js","statementMap":{"0":{"start":{"line":1,"column":31},"end":{"line":1,"column":50}},"1":{"start":{"line":2,"column":34},"end":{"line":2,"column":56}},"2":{"start":{"line":3,"column":31},"end":{"line":3,"column":49}},"3":{"start":{"line":4,"column":21},"end":{"line":4,"column":29}},"4":{"start":{"line":5,"column":23},"end":{"line":5,"column":32}},"5":{"start":{"line":6,"column":39},"end":{"line":6,"column":65}}},"fnMap":{},"branchMap":{},"s":{"0":6,"1":6,"2":6,"3":6,"4":6,"5":6},"f":{},"b":{},"_coverageSchema":"332fd63041d2c1bcb487cc26dd0d5f7d97098a6c","hash":"3f4726c2bf9ce689da0dcf45e21db1082bb01ed5"}
,"/Users/june/CAT/CAT-your-internet-usage/front-end/client/actions/userActions.js": {"path":"/Users/june/CAT/CAT-your-internet-usage/front-end/client/actions/userActions.js","statementMap":{"0":{"start":{"line":8,"column":18},"end":{"line":8,"column":50}},"1":{"start":{"line":9,"column":16},"end":{"line":9,"column":46}},"2":{"start":{"line":10,"column":19},"end":{"line":10,"column":52}},"3":{"start":{"line":11,"column":20},"end":{"line":11,"column":53}},"4":{"start":{"line":14,"column":2},"end":{"line":17,"column":4}},"5":{"start":{"line":21,"column":2},"end":{"line":23,"column":4}},"6":{"start":{"line":27,"column":2},"end":{"line":29,"column":3}},"7":{"start":{"line":33,"column":2},"end":{"line":36,"column":4}},"8":{"start":{"line":40,"column":2},"end":{"line":48,"column":3}},"9":{"start":{"line":42,"column":4},"end":{"line":42,"column":34}},"10":{"start":{"line":43,"column":4},"end":{"line":43,"column":40}},"11":{"start":{"line":46,"column":4},"end":{"line":46,"column":27}},"12":{"start":{"line":52,"column":12},"end":{"line":52,"column":30}},"13":{"start":{"line":54,"column":2},"end":{"line":65,"column":3}},"14":{"start":{"line":55,"column":4},"end":{"line":64,"column":7}},"15":{"start":{"line":56,"column":24},"end":{"line":62,"column":7}},"16":{"start":{"line":63,"column":6},"end":{"line":63,"column":44}},"17":{"start":{"line":70,"column":12},"end":{"line":70,"column":26}},"18":{"start":{"line":72,"column":2},"end":{"line":87,"column":3}},"19":{"start":{"line":73,"column":4},"end":{"line":86,"column":7}},"20":{"start":{"line":76,"column":6},"end":{"line":76,"column":51}},"21":{"start":{"line":78,"column":24},"end":{"line":84,"column":7}},"22":{"start":{"line":85,"column":6},"end":{"line":85,"column":44}},"23":{"start":{"line":91,"column":12},"end":{"line":91,"column":30}},"24":{"start":{"line":93,"column":2},"end":{"line":121,"column":3}},"25":{"start":{"line":94,"column":4},"end":{"line":102,"column":6}},"26":{"start":{"line":95,"column":6},"end":{"line":101,"column":9}},"27":{"start":{"line":100,"column":8},"end":{"line":100,"column":27}},"28":{"start":{"line":105,"column":4},"end":{"line":120,"column":6}},"29":{"start":{"line":106,"column":6},"end":{"line":119,"column":9}},"30":{"start":{"line":111,"column":26},"end":{"line":117,"column":9}},"31":{"start":{"line":118,"column":8},"end":{"line":118,"column":46}},"32":{"start":{"line":125,"column":12},"end":{"line":125,"column":30}},"33":{"start":{"line":127,"column":2},"end":{"line":142,"column":3}},"34":{"start":{"line":128,"column":4},"end":{"line":141,"column":7}},"35":{"start":{"line":133,"column":24},"end":{"line":139,"column":7}},"36":{"start":{"line":140,"column":6},"end":{"line":140,"column":44}},"37":{"start":{"line":146,"column":12},"end":{"line":146,"column":34}},"38":{"start":{"line":148,"column":2},"end":{"line":148,"column":20}},"39":{"start":{"line":150,"column":2},"end":{"line":154,"column":3}},"40":{"start":{"line":151,"column":4},"end":{"line":153,"column":7}},"41":{"start":{"line":152,"column":6},"end":{"line":152,"column":44}},"42":{"start":{"line":159,"column":12},"end":{"line":159,"column":34}},"43":{"start":{"line":161,"column":2},"end":{"line":206,"column":3}},"44":{"start":{"line":162,"column":4},"end":{"line":201,"column":5}},"45":{"start":{"line":163,"column":6},"end":{"line":200,"column":9}},"46":{"start":{"line":165,"column":8},"end":{"line":165,"column":24}},"47":{"start":{"line":166,"column":8},"end":{"line":193,"column":9}},"48":{"start":{"line":167,"column":10},"end":{"line":167,"column":99}},"49":{"start":{"line":168,"column":10},"end":{"line":168,"column":28}},"50":{"start":{"line":170,"column":13},"end":{"line":193,"column":9}},"51":{"start":{"line":171,"column":10},"end":{"line":171,"column":100}},"52":{"start":{"line":172,"column":10},"end":{"line":172,"column":28}},"53":{"start":{"line":174,"column":13},"end":{"line":193,"column":9}},"54":{"start":{"line":175,"column":10},"end":{"line":175,"column":100}},"55":{"start":{"line":176,"column":10},"end":{"line":176,"column":27}},"56":{"start":{"line":178,"column":13},"end":{"line":193,"column":9}},"57":{"start":{"line":179,"column":10},"end":{"line":179,"column":100}},"58":{"start":{"line":180,"column":10},"end":{"line":180,"column":27}},"59":{"start":{"line":182,"column":13},"end":{"line":193,"column":9}},"60":{"start":{"line":183,"column":10},"end":{"line":183,"column":100}},"61":{"start":{"line":184,"column":10},"end":{"line":184,"column":27}},"62":{"start":{"line":186,"column":13},"end":{"line":193,"column":9}},"63":{"start":{"line":187,"column":10},"end":{"line":187,"column":100}},"64":{"start":{"line":188,"column":10},"end":{"line":188,"column":27}},"65":{"start":{"line":191,"column":10},"end":{"line":191,"column":100}},"66":{"start":{"line":192,"column":10},"end":{"line":192,"column":27}},"67":{"start":{"line":195,"column":26},"end":{"line":195,"column":33}},"68":{"start":{"line":196,"column":8},"end":{"line":196,"column":41}},"69":{"start":{"line":197,"column":8},"end":{"line":197,"column":45}},"70":{"start":{"line":199,"column":8},"end":{"line":199,"column":57}},"71":{"start":{"line":205,"column":4},"end":{"line":205,"column":19}},"72":{"start":{"line":210,"column":12},"end":{"line":210,"column":33}},"73":{"start":{"line":212,"column":2},"end":{"line":219,"column":3}},"74":{"start":{"line":213,"column":4},"end":{"line":218,"column":7}},"75":{"start":{"line":217,"column":6},"end":{"line":217,"column":48}}},"fnMap":{"0":{"name":"setCurrentUser","decl":{"start":{"line":13,"column":16},"end":{"line":13,"column":30}},"loc":{"start":{"line":13,"column":36},"end":{"line":18,"column":1}},"line":13},"1":{"name":"logoutUser","decl":{"start":{"line":20,"column":16},"end":{"line":20,"column":26}},"loc":{"start":{"line":20,"column":28},"end":{"line":24,"column":1}},"line":20},"2":{"name":"nothing","decl":{"start":{"line":26,"column":16},"end":{"line":26,"column":23}},"loc":{"start":{"line":26,"column":25},"end":{"line":30,"column":1}},"line":26},"3":{"name":"setCurrentUserSetting","decl":{"start":{"line":32,"column":16},"end":{"line":32,"column":37}},"loc":{"start":{"line":32,"column":46},"end":{"line":37,"column":1}},"line":32},"4":{"name":"logout","decl":{"start":{"line":39,"column":16},"end":{"line":39,"column":22}},"loc":{"start":{"line":39,"column":24},"end":{"line":49,"column":1}},"line":39},"5":{"name":"(anonymous_5)","decl":{"start":{"line":40,"column":9},"end":{"line":40,"column":10}},"loc":{"start":{"line":40,"column":21},"end":{"line":48,"column":3}},"line":40},"6":{"name":"setCurrentUserById","decl":{"start":{"line":51,"column":16},"end":{"line":51,"column":34}},"loc":{"start":{"line":51,"column":39},"end":{"line":66,"column":1}},"line":51},"7":{"name":"(anonymous_7)","decl":{"start":{"line":54,"column":9},"end":{"line":54,"column":10}},"loc":{"start":{"line":54,"column":21},"end":{"line":65,"column":3}},"line":54},"8":{"name":"(anonymous_8)","decl":{"start":{"line":55,"column":31},"end":{"line":55,"column":32}},"loc":{"start":{"line":55,"column":38},"end":{"line":64,"column":5}},"line":55},"9":{"name":"login","decl":{"start":{"line":69,"column":16},"end":{"line":69,"column":21}},"loc":{"start":{"line":69,"column":27},"end":{"line":88,"column":1}},"line":69},"10":{"name":"(anonymous_10)","decl":{"start":{"line":72,"column":9},"end":{"line":72,"column":10}},"loc":{"start":{"line":72,"column":20},"end":{"line":87,"column":3}},"line":72},"11":{"name":"(anonymous_11)","decl":{"start":{"line":73,"column":37},"end":{"line":73,"column":38}},"loc":{"start":{"line":73,"column":43},"end":{"line":86,"column":5}},"line":73},"12":{"name":"putLast","decl":{"start":{"line":90,"column":16},"end":{"line":90,"column":23}},"loc":{"start":{"line":90,"column":65},"end":{"line":122,"column":1}},"line":90},"13":{"name":"(anonymous_13)","decl":{"start":{"line":94,"column":11},"end":{"line":94,"column":12}},"loc":{"start":{"line":94,"column":23},"end":{"line":102,"column":5}},"line":94},"14":{"name":"(anonymous_14)","decl":{"start":{"line":99,"column":14},"end":{"line":99,"column":15}},"loc":{"start":{"line":99,"column":21},"end":{"line":101,"column":7}},"line":99},"15":{"name":"(anonymous_15)","decl":{"start":{"line":105,"column":11},"end":{"line":105,"column":12}},"loc":{"start":{"line":105,"column":23},"end":{"line":120,"column":5}},"line":105},"16":{"name":"(anonymous_16)","decl":{"start":{"line":110,"column":14},"end":{"line":110,"column":15}},"loc":{"start":{"line":110,"column":21},"end":{"line":119,"column":7}},"line":110},"17":{"name":"putToday","decl":{"start":{"line":124,"column":16},"end":{"line":124,"column":24}},"loc":{"start":{"line":124,"column":48},"end":{"line":143,"column":1}},"line":124},"18":{"name":"(anonymous_18)","decl":{"start":{"line":127,"column":9},"end":{"line":127,"column":10}},"loc":{"start":{"line":127,"column":21},"end":{"line":142,"column":3}},"line":127},"19":{"name":"(anonymous_19)","decl":{"start":{"line":132,"column":12},"end":{"line":132,"column":13}},"loc":{"start":{"line":132,"column":19},"end":{"line":141,"column":5}},"line":132},"20":{"name":"putTimelineData","decl":{"start":{"line":145,"column":16},"end":{"line":145,"column":31}},"loc":{"start":{"line":145,"column":55},"end":{"line":155,"column":1}},"line":145},"21":{"name":"(anonymous_21)","decl":{"start":{"line":150,"column":9},"end":{"line":150,"column":10}},"loc":{"start":{"line":150,"column":21},"end":{"line":154,"column":3}},"line":150},"22":{"name":"(anonymous_22)","decl":{"start":{"line":151,"column":37},"end":{"line":151,"column":38}},"loc":{"start":{"line":151,"column":44},"end":{"line":153,"column":5}},"line":151},"23":{"name":"putTimeline","decl":{"start":{"line":158,"column":16},"end":{"line":158,"column":27}},"loc":{"start":{"line":158,"column":65},"end":{"line":207,"column":1}},"line":158},"24":{"name":"(anonymous_24)","decl":{"start":{"line":162,"column":11},"end":{"line":162,"column":12}},"loc":{"start":{"line":162,"column":23},"end":{"line":201,"column":5}},"line":162},"25":{"name":"(anonymous_25)","decl":{"start":{"line":163,"column":33},"end":{"line":163,"column":34}},"loc":{"start":{"line":163,"column":40},"end":{"line":200,"column":7}},"line":163},"26":{"name":"putSetting","decl":{"start":{"line":209,"column":16},"end":{"line":209,"column":26}},"loc":{"start":{"line":209,"column":61},"end":{"line":220,"column":1}},"line":209},"27":{"name":"(anonymous_27)","decl":{"start":{"line":212,"column":9},"end":{"line":212,"column":10}},"loc":{"start":{"line":212,"column":21},"end":{"line":219,"column":3}},"line":212},"28":{"name":"(anonymous_28)","decl":{"start":{"line":216,"column":12},"end":{"line":216,"column":13}},"loc":{"start":{"line":216,"column":19},"end":{"line":218,"column":5}},"line":216}},"branchMap":{"0":{"loc":{"start":{"line":93,"column":2},"end":{"line":121,"column":3}},"type":"if","locations":[{"start":{"line":93,"column":2},"end":{"line":121,"column":3}},{"start":{"line":93,"column":2},"end":{"line":121,"column":3}}],"line":93},"1":{"loc":{"start":{"line":166,"column":8},"end":{"line":193,"column":9}},"type":"if","locations":[{"start":{"line":166,"column":8},"end":{"line":193,"column":9}},{"start":{"line":166,"column":8},"end":{"line":193,"column":9}}],"line":166},"2":{"loc":{"start":{"line":170,"column":13},"end":{"line":193,"column":9}},"type":"if","locations":[{"start":{"line":170,"column":13},"end":{"line":193,"column":9}},{"start":{"line":170,"column":13},"end":{"line":193,"column":9}}],"line":170},"3":{"loc":{"start":{"line":174,"column":13},"end":{"line":193,"column":9}},"type":"if","locations":[{"start":{"line":174,"column":13},"end":{"line":193,"column":9}},{"start":{"line":174,"column":13},"end":{"line":193,"column":9}}],"line":174},"4":{"loc":{"start":{"line":178,"column":13},"end":{"line":193,"column":9}},"type":"if","locations":[{"start":{"line":178,"column":13},"end":{"line":193,"column":9}},{"start":{"line":178,"column":13},"end":{"line":193,"column":9}}],"line":178},"5":{"loc":{"start":{"line":182,"column":13},"end":{"line":193,"column":9}},"type":"if","locations":[{"start":{"line":182,"column":13},"end":{"line":193,"column":9}},{"start":{"line":182,"column":13},"end":{"line":193,"column":9}}],"line":182},"6":{"loc":{"start":{"line":186,"column":13},"end":{"line":193,"column":9}},"type":"if","locations":[{"start":{"line":186,"column":13},"end":{"line":193,"column":9}},{"start":{"line":186,"column":13},"end":{"line":193,"column":9}}],"line":186}},"s":{"0":4,"1":4,"2":4,"3":4,"4":1,"5":1,"6":1,"7":1,"8":1,"9":0,"10":0,"11":0,"12":1,"13":1,"14":0,"15":0,"16":0,"17":1,"18":1,"19":0,"20":0,"21":0,"22":0,"23":1,"24":1,"25":0,"26":0,"27":0,"28":1,"29":0,"30":0,"31":0,"32":1,"33":1,"34":0,"35":0,"36":0,"37":0,"38":0,"39":0,"40":0,"41":0,"42":1,"43":1,"44":1,"45":0,"46":0,"47":0,"48":0,"49":0,"50":0,"51":0,"52":0,"53":0,"54":0,"55":0,"56":0,"57":0,"58":0,"59":0,"60":0,"61":0,"62":0,"63":0,"64":0,"65":0,"66":0,"67":0,"68":0,"69":0,"70":0,"71":0,"72":1,"73":1,"74":0,"75":0},"f":{"0":1,"1":1,"2":1,"3":1,"4":1,"5":0,"6":1,"7":0,"8":0,"9":1,"10":0,"11":0,"12":1,"13":0,"14":0,"15":0,"16":0,"17":1,"18":0,"19":0,"20":0,"21":0,"22":0,"23":1,"24":0,"25":0,"26":1,"27":0,"28":0},"b":{"0":[0,1],"1":[0,0],"2":[0,0],"3":[0,0],"4":[0,0],"5":[0,0],"6":[0,0]},"_coverageSchema":"332fd63041d2c1bcb487cc26dd0d5f7d97098a6c","hash":"13698c5de7ed985df8cef7edcf196c048e585b2e"}
,"/Users/june/CAT/CAT-your-internet-usage/front-end/client/components/common/TextFieldGroup.js": {"path":"/Users/june/CAT/CAT-your-internet-usage/front-end/client/components/common/TextFieldGroup.js","statementMap":{"0":{"start":{"line":4,"column":22},"end":{"line":18,"column":1}},"1":{"start":{"line":5,"column":2},"end":{"line":17,"column":4}},"2":{"start":{"line":20,"column":0},"end":{"line":27,"column":1}},"3":{"start":{"line":29,"column":0},"end":{"line":31,"column":1}}},"fnMap":{"0":{"name":"(anonymous_0)","decl":{"start":{"line":4,"column":22},"end":{"line":4,"column":23}},"loc":{"start":{"line":4,"column":74},"end":{"line":18,"column":1}},"line":4}},"branchMap":{"0":{"loc":{"start":{"line":15,"column":7},"end":{"line":15,"column":59}},"type":"binary-expr","locations":[{"start":{"line":15,"column":7},"end":{"line":15,"column":12}},{"start":{"line":15,"column":16},"end":{"line":15,"column":59}}],"line":15}},"s":{"0":2,"1":0,"2":2,"3":2},"f":{"0":0},"b":{"0":[0,0]},"_coverageSchema":"332fd63041d2c1bcb487cc26dd0d5f7d97098a6c","hash":"9c9f6a6a634a41ee2838778cba62fd6d29e22d23"}
,"/Users/june/CAT/CAT-your-internet-usage/front-end/client/components/login/LoginForm.js": {"path":"/Users/june/CAT/CAT-your-internet-usage/front-end/client/components/login/LoginForm.js","statementMap":{"0":{"start":{"line":10,"column":4},"end":{"line":10,"column":17}},"1":{"start":{"line":11,"column":4},"end":{"line":16,"column":6}},"2":{"start":{"line":18,"column":4},"end":{"line":18,"column":45}},"3":{"start":{"line":19,"column":4},"end":{"line":19,"column":45}},"4":{"start":{"line":24,"column":32},"end":{"line":24,"column":57}},"5":{"start":{"line":26,"column":4},"end":{"line":28,"column":5}},"6":{"start":{"line":27,"column":6},"end":{"line":27,"column":32}},"7":{"start":{"line":30,"column":4},"end":{"line":30,"column":19}},"8":{"start":{"line":34,"column":4},"end":{"line":34,"column":23}},"9":{"start":{"line":35,"column":4},"end":{"line":55,"column":5}},"10":{"start":{"line":36,"column":6},"end":{"line":36,"column":53}},"11":{"start":{"line":37,"column":6},"end":{"line":54,"column":8}},"12":{"start":{"line":39,"column":10},"end":{"line":43,"column":13}},"13":{"start":{"line":44,"column":10},"end":{"line":44,"column":44}},"14":{"start":{"line":45,"column":10},"end":{"line":45,"column":63}},"15":{"start":{"line":48,"column":10},"end":{"line":51,"column":13}},"16":{"start":{"line":52,"column":10},"end":{"line":52,"column":72}},"17":{"start":{"line":59,"column":4},"end":{"line":59,"column":55}},"18":{"start":{"line":63,"column":54},"end":{"line":63,"column":64}},"19":{"start":{"line":65,"column":4},"end":{"line":90,"column":6}},"20":{"start":{"line":94,"column":0},"end":{"line":97,"column":1}},"21":{"start":{"line":99,"column":0},"end":{"line":101,"column":1}}},"fnMap":{"0":{"name":"(anonymous_0)","decl":{"start":{"line":9,"column":2},"end":{"line":9,"column":3}},"loc":{"start":{"line":9,"column":21},"end":{"line":20,"column":3}},"line":9},"1":{"name":"(anonymous_1)","decl":{"start":{"line":23,"column":2},"end":{"line":23,"column":3}},"loc":{"start":{"line":23,"column":12},"end":{"line":31,"column":3}},"line":23},"2":{"name":"(anonymous_2)","decl":{"start":{"line":33,"column":2},"end":{"line":33,"column":3}},"loc":{"start":{"line":33,"column":14},"end":{"line":56,"column":3}},"line":33},"3":{"name":"(anonymous_3)","decl":{"start":{"line":38,"column":8},"end":{"line":38,"column":9}},"loc":{"start":{"line":38,"column":17},"end":{"line":46,"column":9}},"line":38},"4":{"name":"(anonymous_4)","decl":{"start":{"line":47,"column":8},"end":{"line":47,"column":9}},"loc":{"start":{"line":47,"column":17},"end":{"line":53,"column":9}},"line":47},"5":{"name":"(anonymous_5)","decl":{"start":{"line":58,"column":2},"end":{"line":58,"column":3}},"loc":{"start":{"line":58,"column":14},"end":{"line":60,"column":3}},"line":58},"6":{"name":"(anonymous_6)","decl":{"start":{"line":62,"column":2},"end":{"line":62,"column":3}},"loc":{"start":{"line":62,"column":11},"end":{"line":91,"column":3}},"line":62}},"branchMap":{"0":{"loc":{"start":{"line":26,"column":4},"end":{"line":28,"column":5}},"type":"if","locations":[{"start":{"line":26,"column":4},"end":{"line":28,"column":5}},{"start":{"line":26,"column":4},"end":{"line":28,"column":5}}],"line":26},"1":{"loc":{"start":{"line":35,"column":4},"end":{"line":55,"column":5}},"type":"if","locations":[{"start":{"line":35,"column":4},"end":{"line":55,"column":5}},{"start":{"line":35,"column":4},"end":{"line":55,"column":5}}],"line":35},"2":{"loc":{"start":{"line":69,"column":10},"end":{"line":69,"column":80}},"type":"binary-expr","locations":[{"start":{"line":69,"column":10},"end":{"line":69,"column":21}},{"start":{"line":69,"column":25},"end":{"line":69,"column":80}}],"line":69}},"s":{"0":0,"1":0,"2":0,"3":0,"4":0,"5":0,"6":0,"7":0,"8":0,"9":0,"10":0,"11":0,"12":0,"13":0,"14":0,"15":0,"16":0,"17":0,"18":0,"19":0,"20":1,"21":1},"f":{"0":0,"1":0,"2":0,"3":0,"4":0,"5":0,"6":0},"b":{"0":[0,0],"1":[0,0],"2":[0,0]},"_coverageSchema":"332fd63041d2c1bcb487cc26dd0d5f7d97098a6c","hash":"2a6122809b61c04fe467cbe65ad982ad9f8a61c6"}
,"/Users/june/CAT/CAT-your-internet-usage/front-end/client/components/nowTime/NowTimeForm.js": {"path":"/Users/june/CAT/CAT-your-internet-usage/front-end/client/components/nowTime/NowTimeForm.js","statementMap":{"0":{"start":{"line":7,"column":4},"end":{"line":7,"column":17}},"1":{"start":{"line":9,"column":4},"end":{"line":12,"column":5}},"2":{"start":{"line":16,"column":13},"end":{"line":16,"column":35}},"3":{"start":{"line":17,"column":13},"end":{"line":17,"column":38}},"4":{"start":{"line":18,"column":13},"end":{"line":18,"column":37}},"5":{"start":{"line":19,"column":4},"end":{"line":19,"column":43}},"6":{"start":{"line":23,"column":4},"end":{"line":23,"column":50}},"7":{"start":{"line":23,"column":37},"end":{"line":23,"column":50}},"8":{"start":{"line":24,"column":4},"end":{"line":24,"column":42}},"9":{"start":{"line":28,"column":4},"end":{"line":30,"column":12}},"10":{"start":{"line":29,"column":6},"end":{"line":29,"column":43}},"11":{"start":{"line":34,"column":4},"end":{"line":40,"column":5}},"12":{"start":{"line":35,"column":15},"end":{"line":35,"column":92}},"13":{"start":{"line":36,"column":6},"end":{"line":36,"column":43}},"14":{"start":{"line":39,"column":6},"end":{"line":39,"column":36}},"15":{"start":{"line":44,"column":4},"end":{"line":44,"column":32}},"16":{"start":{"line":49,"column":11},"end":{"line":49,"column":12}},"17":{"start":{"line":50,"column":11},"end":{"line":50,"column":12}},"18":{"start":{"line":52,"column":4},"end":{"line":66,"column":5}},"19":{"start":{"line":53,"column":6},"end":{"line":53,"column":91}},"20":{"start":{"line":54,"column":6},"end":{"line":54,"column":76}},"21":{"start":{"line":56,"column":6},"end":{"line":65,"column":7}},"22":{"start":{"line":58,"column":21},"end":{"line":58,"column":29}},"23":{"start":{"line":59,"column":21},"end":{"line":59,"column":29}},"24":{"start":{"line":62,"column":8},"end":{"line":63,"column":52}},"25":{"start":{"line":62,"column":45},"end":{"line":62,"column":53}},"26":{"start":{"line":63,"column":13},"end":{"line":63,"column":52}},"27":{"start":{"line":64,"column":8},"end":{"line":64,"column":45}},"28":{"start":{"line":68,"column":4},"end":{"line":87,"column":5}}},"fnMap":{"0":{"name":"(anonymous_0)","decl":{"start":{"line":6,"column":2},"end":{"line":6,"column":3}},"loc":{"start":{"line":6,"column":21},"end":{"line":13,"column":3}},"line":6},"1":{"name":"(anonymous_1)","decl":{"start":{"line":15,"column":2},"end":{"line":15,"column":3}},"loc":{"start":{"line":15,"column":17},"end":{"line":20,"column":3}},"line":15},"2":{"name":"(anonymous_2)","decl":{"start":{"line":22,"column":2},"end":{"line":22,"column":3}},"loc":{"start":{"line":22,"column":16},"end":{"line":25,"column":3}},"line":22},"3":{"name":"(anonymous_3)","decl":{"start":{"line":27,"column":2},"end":{"line":27,"column":3}},"loc":{"start":{"line":27,"column":22},"end":{"line":31,"column":3}},"line":27},"4":{"name":"(anonymous_4)","decl":{"start":{"line":28,"column":32},"end":{"line":28,"column":33}},"loc":{"start":{"line":28,"column":38},"end":{"line":30,"column":5}},"line":28},"5":{"name":"(anonymous_5)","decl":{"start":{"line":33,"column":2},"end":{"line":33,"column":3}},"loc":{"start":{"line":33,"column":44},"end":{"line":41,"column":3}},"line":33},"6":{"name":"(anonymous_6)","decl":{"start":{"line":43,"column":2},"end":{"line":43,"column":3}},"loc":{"start":{"line":43,"column":25},"end":{"line":45,"column":3}},"line":43},"7":{"name":"(anonymous_7)","decl":{"start":{"line":47,"column":2},"end":{"line":47,"column":3}},"loc":{"start":{"line":47,"column":11},"end":{"line":88,"column":3}},"line":47}},"branchMap":{"0":{"loc":{"start":{"line":23,"column":4},"end":{"line":23,"column":50}},"type":"if","locations":[{"start":{"line":23,"column":4},"end":{"line":23,"column":50}},{"start":{"line":23,"column":4},"end":{"line":23,"column":50}}],"line":23},"1":{"loc":{"start":{"line":34,"column":4},"end":{"line":40,"column":5}},"type":"if","locations":[{"start":{"line":34,"column":4},"end":{"line":40,"column":5}},{"start":{"line":34,"column":4},"end":{"line":40,"column":5}}],"line":34},"2":{"loc":{"start":{"line":52,"column":4},"end":{"line":66,"column":5}},"type":"if","locations":[{"start":{"line":52,"column":4},"end":{"line":66,"column":5}},{"start":{"line":52,"column":4},"end":{"line":66,"column":5}}],"line":52},"3":{"loc":{"start":{"line":56,"column":6},"end":{"line":65,"column":7}},"type":"if","locations":[{"start":{"line":56,"column":6},"end":{"line":65,"column":7}},{"start":{"line":56,"column":6},"end":{"line":65,"column":7}}],"line":56},"4":{"loc":{"start":{"line":62,"column":8},"end":{"line":63,"column":52}},"type":"if","locations":[{"start":{"line":62,"column":8},"end":{"line":63,"column":52}},{"start":{"line":62,"column":8},"end":{"line":63,"column":52}}],"line":62},"5":{"loc":{"start":{"line":71,"column":12},"end":{"line":83,"column":15}},"type":"cond-expr","locations":[{"start":{"line":73,"column":16},"end":{"line":77,"column":22}},{"start":{"line":80,"column":16},"end":{"line":82,"column":22}}],"line":71}},"s":{"0":2,"1":2,"2":1,"3":1,"4":1,"5":1,"6":6,"7":3,"8":3,"9":2,"10":0,"11":0,"12":0,"13":0,"14":0,"15":0,"16":2,"17":2,"18":2,"19":0,"20":0,"21":0,"22":0,"23":0,"24":0,"25":0,"26":0,"27":0,"28":2},"f":{"0":2,"1":1,"2":6,"3":2,"4":0,"5":0,"6":0,"7":2},"b":{"0":[3,3],"1":[0,0],"2":[0,2],"3":[0,0],"4":[0,0],"5":[0,2]},"_coverageSchema":"332fd63041d2c1bcb487cc26dd0d5f7d97098a6c","hash":"9dbb688c022699b02512d57f44b66d59c299efc9"}
,"/Users/june/CAT/CAT-your-internet-usage/front-end/client/components/nowTime/NowTimePage.js": {"path":"/Users/june/CAT/CAT-your-internet-usage/front-end/client/components/nowTime/NowTimePage.js","statementMap":{"0":{"start":{"line":7,"column":4},"end":{"line":9,"column":6}},"1":{"start":{"line":13,"column":24},"end":{"line":17,"column":1}},"2":{"start":{"line":14,"column":2},"end":{"line":16,"column":3}},"3":{"start":{"line":19,"column":27},"end":{"line":22,"column":1}},"4":{"start":{"line":20,"column":2},"end":{"line":21,"column":3}}},"fnMap":{"0":{"name":"(anonymous_0)","decl":{"start":{"line":6,"column":2},"end":{"line":6,"column":3}},"loc":{"start":{"line":6,"column":11},"end":{"line":10,"column":3}},"line":6},"1":{"name":"(anonymous_1)","decl":{"start":{"line":13,"column":24},"end":{"line":13,"column":25}},"loc":{"start":{"line":13,"column":35},"end":{"line":17,"column":1}},"line":13},"2":{"name":"(anonymous_2)","decl":{"start":{"line":19,"column":27},"end":{"line":19,"column":28}},"loc":{"start":{"line":19,"column":41},"end":{"line":22,"column":1}},"line":19}},"branchMap":{},"s":{"0":1,"1":1,"2":1,"3":1,"4":1},"f":{"0":1,"1":1,"2":1},"b":{},"_coverageSchema":"332fd63041d2c1bcb487cc26dd0d5f7d97098a6c","hash":"ffc7f44b73bbdbe4a7b65f400e3a662e92622d40"}
,"/Users/june/CAT/CAT-your-internet-usage/front-end/client/components/settings/SettingsEdit.js": {"path":"/Users/june/CAT/CAT-your-internet-usage/front-end/client/components/settings/SettingsEdit.js","statementMap":{"0":{"start":{"line":13,"column":4},"end":{"line":13,"column":17}},"1":{"start":{"line":14,"column":4},"end":{"line":20,"column":5}},"2":{"start":{"line":21,"column":4},"end":{"line":21,"column":45}},"3":{"start":{"line":22,"column":4},"end":{"line":22,"column":45}},"4":{"start":{"line":26,"column":6},"end":{"line":26,"column":57}},"5":{"start":{"line":30,"column":31},"end":{"line":30,"column":56}},"6":{"start":{"line":32,"column":4},"end":{"line":34,"column":5}},"7":{"start":{"line":33,"column":6},"end":{"line":33,"column":30}},"8":{"start":{"line":35,"column":4},"end":{"line":35,"column":19}},"9":{"start":{"line":39,"column":4},"end":{"line":39,"column":23}},"10":{"start":{"line":41,"column":4},"end":{"line":53,"column":5}},"11":{"start":{"line":42,"column":6},"end":{"line":42,"column":45}},"12":{"start":{"line":43,"column":6},"end":{"line":43,"column":44}},"13":{"start":{"line":44,"column":6},"end":{"line":44,"column":52}},"14":{"start":{"line":45,"column":25},"end":{"line":45,"column":57}},"15":{"start":{"line":46,"column":21},"end":{"line":46,"column":47}},"16":{"start":{"line":47,"column":16},"end":{"line":47,"column":41}},"17":{"start":{"line":48,"column":6},"end":{"line":51,"column":84}},"18":{"start":{"line":49,"column":8},"end":{"line":49,"column":32}},"19":{"start":{"line":50,"column":8},"end":{"line":50,"column":42}},"20":{"start":{"line":51,"column":23},"end":{"line":51,"column":46}},"21":{"start":{"line":51,"column":47},"end":{"line":51,"column":81}},"22":{"start":{"line":58,"column":21},"end":{"line":58,"column":31}},"23":{"start":{"line":59,"column":4},"end":{"line":99,"column":6}},"24":{"start":{"line":103,"column":0},"end":{"line":106,"column":1}},"25":{"start":{"line":108,"column":0},"end":{"line":110,"column":1}}},"fnMap":{"0":{"name":"(anonymous_0)","decl":{"start":{"line":12,"column":2},"end":{"line":12,"column":3}},"loc":{"start":{"line":12,"column":20},"end":{"line":23,"column":3}},"line":12},"1":{"name":"(anonymous_1)","decl":{"start":{"line":25,"column":2},"end":{"line":25,"column":3}},"loc":{"start":{"line":25,"column":14},"end":{"line":27,"column":3}},"line":25},"2":{"name":"(anonymous_2)","decl":{"start":{"line":29,"column":2},"end":{"line":29,"column":3}},"loc":{"start":{"line":29,"column":11},"end":{"line":36,"column":3}},"line":29},"3":{"name":"(anonymous_3)","decl":{"start":{"line":38,"column":2},"end":{"line":38,"column":3}},"loc":{"start":{"line":38,"column":14},"end":{"line":54,"column":3}},"line":38},"4":{"name":"(anonymous_4)","decl":{"start":{"line":48,"column":38},"end":{"line":48,"column":39}},"loc":{"start":{"line":48,"column":45},"end":{"line":51,"column":7}},"line":48},"5":{"name":"(anonymous_5)","decl":{"start":{"line":51,"column":15},"end":{"line":51,"column":16}},"loc":{"start":{"line":51,"column":22},"end":{"line":51,"column":82}},"line":51},"6":{"name":"(anonymous_6)","decl":{"start":{"line":57,"column":2},"end":{"line":57,"column":3}},"loc":{"start":{"line":57,"column":10},"end":{"line":100,"column":3}},"line":57}},"branchMap":{"0":{"loc":{"start":{"line":32,"column":4},"end":{"line":34,"column":5}},"type":"if","locations":[{"start":{"line":32,"column":4},"end":{"line":34,"column":5}},{"start":{"line":32,"column":4},"end":{"line":34,"column":5}}],"line":32},"1":{"loc":{"start":{"line":41,"column":4},"end":{"line":53,"column":5}},"type":"if","locations":[{"start":{"line":41,"column":4},"end":{"line":53,"column":5}},{"start":{"line":41,"column":4},"end":{"line":53,"column":5}}],"line":41},"2":{"loc":{"start":{"line":75,"column":11},"end":{"line":75,"column":99}},"type":"binary-expr","locations":[{"start":{"line":75,"column":11},"end":{"line":75,"column":34}},{"start":{"line":75,"column":38},"end":{"line":75,"column":99}}],"line":75},"3":{"loc":{"start":{"line":90,"column":11},"end":{"line":90,"column":95}},"type":"binary-expr","locations":[{"start":{"line":90,"column":11},"end":{"line":90,"column":32}},{"start":{"line":90,"column":36},"end":{"line":90,"column":95}}],"line":90}},"s":{"0":0,"1":0,"2":0,"3":0,"4":0,"5":0,"6":0,"7":0,"8":0,"9":0,"10":0,"11":0,"12":0,"13":0,"14":0,"15":0,"16":0,"17":0,"18":0,"19":0,"20":0,"21":0,"22":0,"23":0,"24":1,"25":1},"f":{"0":0,"1":0,"2":0,"3":0,"4":0,"5":0,"6":0},"b":{"0":[0,0],"1":[0,0],"2":[0,0],"3":[0,0]},"_coverageSchema":"332fd63041d2c1bcb487cc26dd0d5f7d97098a6c","hash":"65b197f3b44e725d8dafef286005b49445d559c2"}
,"/Users/june/CAT/CAT-your-internet-usage/front-end/client/components/stats/GroupStats.js": {"path":"/Users/june/CAT/CAT-your-internet-usage/front-end/client/components/stats/GroupStats.js","statementMap":{"0":{"start":{"line":6,"column":4},"end":{"line":6,"column":17}},"1":{"start":{"line":7,"column":4},"end":{"line":9,"column":5}},"2":{"start":{"line":13,"column":17},"end":{"line":13,"column":24}},"3":{"start":{"line":14,"column":15},"end":{"line":14,"column":48}},"4":{"start":{"line":15,"column":15},"end":{"line":15,"column":48}},"5":{"start":{"line":16,"column":17},"end":{"line":16,"column":35}},"6":{"start":{"line":19,"column":4},"end":{"line":22,"column":16}},"7":{"start":{"line":19,"column":17},"end":{"line":19,"column":24}},"8":{"start":{"line":20,"column":9},"end":{"line":22,"column":16}},"9":{"start":{"line":20,"column":23},"end":{"line":20,"column":30}},"10":{"start":{"line":21,"column":9},"end":{"line":22,"column":16}},"11":{"start":{"line":21,"column":24},"end":{"line":21,"column":31}},"12":{"start":{"line":22,"column":9},"end":{"line":22,"column":16}},"13":{"start":{"line":24,"column":18},"end":{"line":66,"column":5}},"14":{"start":{"line":68,"column":4},"end":{"line":68,"column":101}},"15":{"start":{"line":70,"column":4},"end":{"line":72,"column":7}},"16":{"start":{"line":77,"column":4},"end":{"line":116,"column":5}}},"fnMap":{"0":{"name":"(anonymous_0)","decl":{"start":{"line":5,"column":2},"end":{"line":5,"column":3}},"loc":{"start":{"line":5,"column":20},"end":{"line":10,"column":3}},"line":5},"1":{"name":"(anonymous_1)","decl":{"start":{"line":12,"column":2},"end":{"line":12,"column":3}},"loc":{"start":{"line":12,"column":23},"end":{"line":73,"column":3}},"line":12},"2":{"name":"(anonymous_2)","decl":{"start":{"line":75,"column":2},"end":{"line":75,"column":3}},"loc":{"start":{"line":75,"column":11},"end":{"line":117,"column":3}},"line":75}},"branchMap":{"0":{"loc":{"start":{"line":19,"column":4},"end":{"line":22,"column":16}},"type":"if","locations":[{"start":{"line":19,"column":4},"end":{"line":22,"column":16}},{"start":{"line":19,"column":4},"end":{"line":22,"column":16}}],"line":19},"1":{"loc":{"start":{"line":20,"column":9},"end":{"line":22,"column":16}},"type":"if","locations":[{"start":{"line":20,"column":9},"end":{"line":22,"column":16}},{"start":{"line":20,"column":9},"end":{"line":22,"column":16}}],"line":20},"2":{"loc":{"start":{"line":21,"column":9},"end":{"line":22,"column":16}},"type":"if","locations":[{"start":{"line":21,"column":9},"end":{"line":22,"column":16}},{"start":{"line":21,"column":9},"end":{"line":22,"column":16}}],"line":21},"3":{"loc":{"start":{"line":79,"column":10},"end":{"line":113,"column":13}},"type":"cond-expr","locations":[{"start":{"line":81,"column":14},"end":{"line":107,"column":20}},{"start":{"line":110,"column":14},"end":{"line":112,"column":20}}],"line":79}},"s":{"0":0,"1":0,"2":0,"3":0,"4":0,"5":0,"6":0,"7":0,"8":0,"9":0,"10":0,"11":0,"12":0,"13":0,"14":0,"15":0,"16":0},"f":{"0":0,"1":0,"2":0},"b":{"0":[0,0],"1":[0,0],"2":[0,0],"3":[0,0]},"_coverageSchema":"332fd63041d2c1bcb487cc26dd0d5f7d97098a6c","hash":"67ded240dff501bd96e63ab3f17e9f67bd2593dd"}
,"/Users/june/CAT/CAT-your-internet-usage/front-end/client/reducers/user.js": {"path":"/Users/june/CAT/CAT-your-internet-usage/front-end/client/reducers/user.js","statementMap":{"0":{"start":{"line":4,"column":28},"end":{"line":13,"column":1}},"1":{"start":{"line":16,"column":2},"end":{"line":30,"column":3}},"2":{"start":{"line":18,"column":6},"end":{"line":21,"column":8}},"3":{"start":{"line":24,"column":6},"end":{"line":24,"column":26}},"4":{"start":{"line":27,"column":6},"end":{"line":27,"column":19}},"5":{"start":{"line":29,"column":13},"end":{"line":29,"column":26}}},"fnMap":{"0":{"name":"(anonymous_0)","decl":{"start":{"line":15,"column":15},"end":{"line":15,"column":16}},"loc":{"start":{"line":15,"column":54},"end":{"line":31,"column":1}},"line":15}},"branchMap":{"0":{"loc":{"start":{"line":15,"column":16},"end":{"line":15,"column":36}},"type":"default-arg","locations":[{"start":{"line":15,"column":24},"end":{"line":15,"column":36}}],"line":15},"1":{"loc":{"start":{"line":15,"column":38},"end":{"line":15,"column":49}},"type":"default-arg","locations":[{"start":{"line":15,"column":47},"end":{"line":15,"column":49}}],"line":15},"2":{"loc":{"start":{"line":16,"column":2},"end":{"line":30,"column":3}},"type":"switch","locations":[{"start":{"line":17,"column":4},"end":{"line":21,"column":8}},{"start":{"line":23,"column":4},"end":{"line":24,"column":26}},{"start":{"line":26,"column":4},"end":{"line":27,"column":19}},{"start":{"line":29,"column":4},"end":{"line":29,"column":26}}],"line":16}},"s":{"0":1,"1":4,"2":1,"3":1,"4":1,"5":1},"f":{"0":4},"b":{"0":[1],"1":[0],"2":[1,1,1,1]},"_coverageSchema":"332fd63041d2c1bcb487cc26dd0d5f7d97098a6c","hash":"e47e72f107f634877076932d47884ecd2a39f947"}
,"/Users/june/CAT/CAT-your-internet-usage/front-end/server/shared/validations/groupcreate.js": {"path":"/Users/june/CAT/CAT-your-internet-usage/front-end/server/shared/validations/groupcreate.js","statementMap":{"0":{"start":{"line":5,"column":15},"end":{"line":5,"column":17}},"1":{"start":{"line":7,"column":2},"end":{"line":9,"column":3}},"2":{"start":{"line":8,"column":4},"end":{"line":8,"column":43}},"3":{"start":{"line":11,"column":2},"end":{"line":13,"column":3}},"4":{"start":{"line":12,"column":4},"end":{"line":12,"column":50}},"5":{"start":{"line":15,"column":2},"end":{"line":18,"column":4}}},"fnMap":{"0":{"name":"validateInput","decl":{"start":{"line":4,"column":24},"end":{"line":4,"column":37}},"loc":{"start":{"line":4,"column":44},"end":{"line":19,"column":1}},"line":4}},"branchMap":{"0":{"loc":{"start":{"line":7,"column":2},"end":{"line":9,"column":3}},"type":"if","locations":[{"start":{"line":7,"column":2},"end":{"line":9,"column":3}},{"start":{"line":7,"column":2},"end":{"line":9,"column":3}}],"line":7},"1":{"loc":{"start":{"line":11,"column":2},"end":{"line":13,"column":3}},"type":"if","locations":[{"start":{"line":11,"column":2},"end":{"line":13,"column":3}},{"start":{"line":11,"column":2},"end":{"line":13,"column":3}}],"line":11}},"s":{"0":1,"1":1,"2":0,"3":1,"4":0,"5":1},"f":{"0":1},"b":{"0":[0,1],"1":[0,1]},"_coverageSchema":"332fd63041d2c1bcb487cc26dd0d5f7d97098a6c","hash":"9e14470889a3c9235580c127b2e98d4281894761"}
,"/Users/june/CAT/CAT-your-internet-usage/front-end/server/shared/validations/login.js": {"path":"/Users/june/CAT/CAT-your-internet-usage/front-end/server/shared/validations/login.js","statementMap":{"0":{"start":{"line":5,"column":15},"end":{"line":5,"column":17}},"1":{"start":{"line":7,"column":2},"end":{"line":9,"column":3}},"2":{"start":{"line":8,"column":4},"end":{"line":8,"column":47}},"3":{"start":{"line":11,"column":2},"end":{"line":13,"column":3}},"4":{"start":{"line":12,"column":4},"end":{"line":12,"column":47}},"5":{"start":{"line":15,"column":2},"end":{"line":18,"column":4}}},"fnMap":{"0":{"name":"validateInput","decl":{"start":{"line":4,"column":24},"end":{"line":4,"column":37}},"loc":{"start":{"line":4,"column":44},"end":{"line":19,"column":1}},"line":4}},"branchMap":{"0":{"loc":{"start":{"line":7,"column":2},"end":{"line":9,"column":3}},"type":"if","locations":[{"start":{"line":7,"column":2},"end":{"line":9,"column":3}},{"start":{"line":7,"column":2},"end":{"line":9,"column":3}}],"line":7},"1":{"loc":{"start":{"line":11,"column":2},"end":{"line":13,"column":3}},"type":"if","locations":[{"start":{"line":11,"column":2},"end":{"line":13,"column":3}},{"start":{"line":11,"column":2},"end":{"line":13,"column":3}}],"line":11}},"s":{"0":1,"1":1,"2":0,"3":1,"4":0,"5":1},"f":{"0":1},"b":{"0":[0,1],"1":[0,1]},"_coverageSchema":"332fd63041d2c1bcb487cc26dd0d5f7d97098a6c","hash":"194779b9068d6b17c204433e53cc4dff817b9d93"}
,"/Users/june/CAT/CAT-your-internet-usage/front-end/server/shared/validations/settings.js": {"path":"/Users/june/CAT/CAT-your-internet-usage/front-end/server/shared/validations/settings.js","statementMap":{"0":{"start":{"line":5,"column":14},"end":{"line":5,"column":16}},"1":{"start":{"line":7,"column":2},"end":{"line":9,"column":3}},"2":{"start":{"line":8,"column":4},"end":{"line":8,"column":53}},"3":{"start":{"line":10,"column":2},"end":{"line":12,"column":3}},"4":{"start":{"line":11,"column":4},"end":{"line":11,"column":51}},"5":{"start":{"line":14,"column":2},"end":{"line":17,"column":3}}},"fnMap":{"0":{"name":"validateInput","decl":{"start":{"line":4,"column":24},"end":{"line":4,"column":37}},"loc":{"start":{"line":4,"column":43},"end":{"line":18,"column":1}},"line":4}},"branchMap":{"0":{"loc":{"start":{"line":7,"column":2},"end":{"line":9,"column":3}},"type":"if","locations":[{"start":{"line":7,"column":2},"end":{"line":9,"column":3}},{"start":{"line":7,"column":2},"end":{"line":9,"column":3}}],"line":7},"1":{"loc":{"start":{"line":10,"column":2},"end":{"line":12,"column":3}},"type":"if","locations":[{"start":{"line":10,"column":2},"end":{"line":12,"column":3}},{"start":{"line":10,"column":2},"end":{"line":12,"column":3}}],"line":10}},"s":{"0":1,"1":1,"2":0,"3":1,"4":0,"5":1},"f":{"0":1},"b":{"0":[0,1],"1":[0,1]},"_coverageSchema":"332fd63041d2c1bcb487cc26dd0d5f7d97098a6c","hash":"3b0b95a9251101da8e0daadc9d8c722585a731dd"}
,"/Users/june/CAT/CAT-your-internet-usage/front-end/server/shared/validations/signup.js": {"path":"/Users/june/CAT/CAT-your-internet-usage/front-end/server/shared/validations/signup.js","statementMap":{"0":{"start":{"line":5,"column":14},"end":{"line":5,"column":16}},"1":{"start":{"line":7,"column":2},"end":{"line":9,"column":3}},"2":{"start":{"line":8,"column":4},"end":{"line":8,"column":45}},"3":{"start":{"line":10,"column":2},"end":{"line":12,"column":3}},"4":{"start":{"line":11,"column":4},"end":{"line":11,"column":46}},"5":{"start":{"line":13,"column":2},"end":{"line":15,"column":3}},"6":{"start":{"line":14,"column":4},"end":{"line":14,"column":46}},"7":{"start":{"line":16,"column":2},"end":{"line":18,"column":3}},"8":{"start":{"line":17,"column":4},"end":{"line":17,"column":46}},"9":{"start":{"line":19,"column":2},"end":{"line":21,"column":3}},"10":{"start":{"line":20,"column":4},"end":{"line":20,"column":40}},"11":{"start":{"line":22,"column":2},"end":{"line":24,"column":3}},"12":{"start":{"line":23,"column":4},"end":{"line":23,"column":53}},"13":{"start":{"line":25,"column":2},"end":{"line":27,"column":3}},"14":{"start":{"line":26,"column":4},"end":{"line":26,"column":51}},"15":{"start":{"line":29,"column":2},"end":{"line":32,"column":3}}},"fnMap":{"0":{"name":"validateInput","decl":{"start":{"line":4,"column":24},"end":{"line":4,"column":37}},"loc":{"start":{"line":4,"column":43},"end":{"line":33,"column":1}},"line":4}},"branchMap":{"0":{"loc":{"start":{"line":7,"column":2},"end":{"line":9,"column":3}},"type":"if","locations":[{"start":{"line":7,"column":2},"end":{"line":9,"column":3}},{"start":{"line":7,"column":2},"end":{"line":9,"column":3}}],"line":7},"1":{"loc":{"start":{"line":10,"column":2},"end":{"line":12,"column":3}},"type":"if","locations":[{"start":{"line":10,"column":2},"end":{"line":12,"column":3}},{"start":{"line":10,"column":2},"end":{"line":12,"column":3}}],"line":10},"2":{"loc":{"start":{"line":13,"column":2},"end":{"line":15,"column":3}},"type":"if","locations":[{"start":{"line":13,"column":2},"end":{"line":15,"column":3}},{"start":{"line":13,"column":2},"end":{"line":15,"column":3}}],"line":13},"3":{"loc":{"start":{"line":16,"column":2},"end":{"line":18,"column":3}},"type":"if","locations":[{"start":{"line":16,"column":2},"end":{"line":18,"column":3}},{"start":{"line":16,"column":2},"end":{"line":18,"column":3}}],"line":16},"4":{"loc":{"start":{"line":19,"column":2},"end":{"line":21,"column":3}},"type":"if","locations":[{"start":{"line":19,"column":2},"end":{"line":21,"column":3}},{"start":{"line":19,"column":2},"end":{"line":21,"column":3}}],"line":19},"5":{"loc":{"start":{"line":22,"column":2},"end":{"line":24,"column":3}},"type":"if","locations":[{"start":{"line":22,"column":2},"end":{"line":24,"column":3}},{"start":{"line":22,"column":2},"end":{"line":24,"column":3}}],"line":22},"6":{"loc":{"start":{"line":25,"column":2},"end":{"line":27,"column":3}},"type":"if","locations":[{"start":{"line":25,"column":2},"end":{"line":27,"column":3}},{"start":{"line":25,"column":2},"end":{"line":27,"column":3}}],"line":25}},"s":{"0":1,"1":1,"2":0,"3":1,"4":0,"5":1,"6":0,"7":1,"8":0,"9":1,"10":0,"11":1,"12":0,"13":1,"14":0,"15":1},"f":{"0":1},"b":{"0":[0,1],"1":[0,1],"2":[0,1],"3":[0,1],"4":[0,1],"5":[0,1],"6":[0,1]},"_coverageSchema":"332fd63041d2c1bcb487cc26dd0d5f7d97098a6c","hash":"ecc3fbab60592fb389cb9210818984d52663a385"}
,"/Users/june/CAT/CAT-your-internet-usage/front-end/test/jestsetup.js": {"path":"/Users/june/CAT/CAT-your-internet-usage/front-end/test/jestsetup.js","statementMap":{"0":{"start":{"line":14,"column":0},"end":{"line":14,"column":38}}},"fnMap":{},"branchMap":{},"s":{"0":14},"f":{},"b":{},"_coverageSchema":"332fd63041d2c1bcb487cc26dd0d5f7d97098a6c","hash":"f674d90dea78635657e7db852ae8e6f77f9d502b"}
}
