TN:
SF:/home/ialy/sw/cat/front/CAT-your-internet-usage/front-end/client/actions/flashMessages.js
FN:3,addFlashMessage
FN:10,deleteFlashMessage
FNF:2
FNH:1
FNDA:1,addFlashMessage
FNDA:0,deleteFlashMessage
DA:4,1
DA:11,0
LF:2
LH:1
BRF:0
BRH:0
end_of_record
TN:
SF:/home/ialy/sw/cat/front/CAT-your-internet-usage/front-end/client/actions/signupActions.js
FN:3,userSignupRequest
FN:4,(anonymous_1)
FNF:2
FNH:0
FNDA:0,userSignupRequest
FNDA:0,(anonymous_1)
DA:4,0
DA:5,0
LF:2
LH:0
BRF:0
BRH:0
end_of_record
TN:
SF:/home/ialy/sw/cat/front/CAT-your-internet-usage/front-end/client/actions/types.js
FNF:0
FNH:0
DA:1,5
DA:2,5
DA:3,5
DA:4,5
DA:5,5
DA:6,5
LF:6
LH:6
BRF:0
BRH:0
end_of_record
TN:
SF:/home/ialy/sw/cat/front/CAT-your-internet-usage/front-end/client/actions/userActions.js
FN:12,setCurrentUser
FN:19,logoutUser
FN:25,nothing
FN:31,setCurrentUserSetting
FN:38,logout
FN:39,(anonymous_5)
FN:49,setCurrentUserById
FN:52,(anonymous_7)
FN:53,(anonymous_8)
FN:67,login
FN:70,(anonymous_10)
FN:71,(anonymous_11)
FN:88,putLast
FN:92,(anonymous_13)
FN:93,(anonymous_14)
FN:99,(anonymous_15)
FN:100,(anonymous_16)
FN:114,putToday
FN:117,(anonymous_18)
FN:122,(anonymous_19)
FN:135,putTimeline
FN:174,(anonymous_21)
FN:184,putSetting
FN:187,(anonymous_23)
FN:191,(anonymous_24)
FNF:25
FNH:1
FNDA:1,setCurrentUser
FNDA:0,logoutUser
FNDA:0,nothing
FNDA:0,setCurrentUserSetting
FNDA:0,logout
FNDA:0,(anonymous_5)
FNDA:0,setCurrentUserById
FNDA:0,(anonymous_7)
FNDA:0,(anonymous_8)
FNDA:0,login
FNDA:0,(anonymous_10)
FNDA:0,(anonymous_11)
FNDA:0,putLast
FNDA:0,(anonymous_13)
FNDA:0,(anonymous_14)
FNDA:0,(anonymous_15)
FNDA:0,(anonymous_16)
FNDA:0,putToday
FNDA:0,(anonymous_18)
FNDA:0,(anonymous_19)
FNDA:0,putTimeline
FNDA:0,(anonymous_21)
FNDA:0,putSetting
FNDA:0,(anonymous_23)
FNDA:0,(anonymous_24)
DA:8,2
DA:9,2
DA:10,2
DA:13,1
DA:20,0
DA:26,0
DA:32,0
DA:39,0
DA:40,0
DA:41,0
DA:42,0
DA:43,0
DA:45,0
DA:50,0
DA:52,0
DA:53,0
DA:54,0
DA:61,0
DA:68,0
DA:70,0
DA:71,0
DA:72,0
DA:73,0
DA:74,0
DA:75,0
DA:76,0
DA:83,0
DA:89,0
DA:91,0
DA:92,0
DA:93,0
DA:94,0
DA:99,0
DA:100,0
DA:101,0
DA:108,0
DA:115,0
DA:117,0
DA:118,0
DA:123,0
DA:130,0
DA:136,0
DA:139,0
DA:140,0
DA:141,0
DA:145,0
DA:149,0
DA:153,0
DA:157,0
DA:161,0
DA:165,0
DA:170,0
DA:171,0
DA:172,0
DA:174,0
DA:175,0
DA:180,0
DA:185,0
DA:187,0
DA:188,0
DA:192,0
LF:61
LH:4
BRDA:91,0,0,0
BRDA:91,0,1,0
BRDA:141,1,0,0
BRDA:141,1,1,0
BRDA:145,2,0,0
BRDA:145,2,1,0
BRDA:149,3,0,0
BRDA:149,3,1,0
BRDA:153,4,0,0
BRDA:153,4,1,0
BRDA:157,5,0,0
BRDA:157,5,1,0
BRDA:161,6,0,0
BRDA:161,6,1,0
BRDA:165,7,0,0
BRDA:165,7,1,0
BRF:16
BRH:0
end_of_record
TN:
SF:/home/ialy/sw/cat/front/CAT-your-internet-usage/front-end/client/actions/userTest.js
FN:8,setCurrentUserTest
FN:16,putLast
FN:20,(anonymous_2)
FN:21,(anonymous_3)
FN:27,(anonymous_4)
FN:28,(anonymous_5)
FN:35,putToday
FN:38,(anonymous_7)
FN:43,(anonymous_8)
FNF:9
FNH:0
FNDA:0,setCurrentUserTest
FNDA:0,putLast
FNDA:0,(anonymous_2)
FNDA:0,(anonymous_3)
FNDA:0,(anonymous_4)
FNDA:0,(anonymous_5)
FNDA:0,putToday
FNDA:0,(anonymous_7)
FNDA:0,(anonymous_8)
DA:6,1
DA:9,0
DA:17,0
DA:19,0
DA:20,0
DA:21,0
DA:22,0
DA:27,0
DA:28,0
DA:29,0
DA:36,0
DA:38,0
DA:39,0
DA:44,0
LF:14
LH:1
BRDA:19,0,0,0
BRDA:19,0,1,0
BRF:2
BRH:0
end_of_record
TN:
SF:/home/ialy/sw/cat/front/CAT-your-internet-usage/front-end/client/components/common/TextFieldGroup.js
FN:4,(anonymous_0)
FNF:1
FNH:0
FNDA:0,(anonymous_0)
DA:4,1
DA:5,0
DA:20,1
DA:29,1
LF:4
LH:3
BRDA:15,0,0,0
BRDA:15,0,1,0
BRF:2
BRH:0
end_of_record
TN:
SF:/home/ialy/sw/cat/front/CAT-your-internet-usage/front-end/client/components/login/LoginForm.js
FN:9,(anonymous_0)
FN:23,(anonymous_1)
FN:33,(anonymous_2)
FN:38,(anonymous_3)
FN:47,(anonymous_4)
FN:58,(anonymous_5)
FN:62,(anonymous_6)
FNF:7
FNH:0
FNDA:0,(anonymous_0)
FNDA:0,(anonymous_1)
FNDA:0,(anonymous_2)
FNDA:0,(anonymous_3)
FNDA:0,(anonymous_4)
FNDA:0,(anonymous_5)
FNDA:0,(anonymous_6)
DA:10,0
DA:11,0
DA:18,0
DA:19,0
DA:24,0
DA:26,0
DA:27,0
DA:30,0
DA:34,0
DA:35,0
DA:36,0
DA:37,0
DA:39,0
DA:44,0
DA:45,0
DA:48,0
DA:52,0
DA:59,0
DA:63,0
DA:65,0
DA:94,1
DA:99,1
LF:22
LH:2
BRDA:26,0,0,0
BRDA:26,0,1,0
BRDA:35,1,0,0
BRDA:35,1,1,0
BRDA:69,2,0,0
BRDA:69,2,1,0
BRF:6
BRH:0
end_of_record
TN:
SF:/home/ialy/sw/cat/front/CAT-your-internet-usage/front-end/client/components/nowTime/NowTimeForm.js
FN:5,(anonymous_0)
FN:13,(anonymous_1)
FN:20,(anonymous_2)
FN:25,(anonymous_3)
FN:26,(anonymous_4)
FN:31,(anonymous_5)
FN:35,(anonymous_6)
FNF:7
FNH:4
FNDA:2,(anonymous_0)
FNDA:0,(anonymous_1)
FNDA:4,(anonymous_2)
FNDA:2,(anonymous_3)
FNDA:0,(anonymous_4)
FNDA:0,(anonymous_5)
FNDA:2,(anonymous_6)
DA:6,2
DA:8,2
DA:14,0
DA:15,0
DA:16,0
DA:17,0
DA:21,4
DA:22,2
DA:26,2
DA:27,0
DA:32,0
DA:37,2
DA:38,2
DA:40,2
DA:41,0
DA:42,0
DA:45,2
LF:17
LH:9
BRDA:21,0,0,2
BRDA:21,0,1,2
BRDA:40,1,0,0
BRDA:40,1,1,2
BRDA:48,2,0,0
BRDA:48,2,1,2
BRF:6
BRH:4
end_of_record
TN:
SF:/home/ialy/sw/cat/front/CAT-your-internet-usage/front-end/client/components/nowTime/NowTimePage.js
FN:6,(anonymous_0)
FN:13,(anonymous_1)
FN:19,(anonymous_2)
FNF:3
FNH:3
FNDA:1,(anonymous_0)
FNDA:1,(anonymous_1)
FNDA:1,(anonymous_2)
DA:7,1
DA:13,1
DA:14,1
DA:19,1
DA:20,1
LF:5
LH:5
BRF:0
BRH:0
end_of_record
TN:
SF:/home/ialy/sw/cat/front/CAT-your-internet-usage/front-end/client/reducers/user.js
FN:15,(anonymous_0)
FNF:1
FNH:1
FNDA:2,(anonymous_0)
DA:4,1
DA:16,2
DA:18,1
DA:24,0
DA:27,0
DA:29,1
LF:6
LH:4
BRDA:15,0,0,1
BRDA:15,1,0,0
BRDA:16,2,0,1
BRDA:16,2,1,0
BRDA:16,2,2,0
BRDA:16,2,3,1
BRF:6
BRH:3
end_of_record
TN:
SF:/home/ialy/sw/cat/front/CAT-your-internet-usage/front-end/client/utils/setAuthorizationToken.js
FN:3,setAuthorizationToken
FNF:1
FNH:0
FNDA:0,setAuthorizationToken
DA:4,0
DA:5,0
DA:7,0
LF:3
LH:0
BRDA:4,0,0,0
BRDA:4,0,1,0
BRF:2
BRH:0
end_of_record
TN:
SF:/home/ialy/sw/cat/front/CAT-your-internet-usage/front-end/server/shared/validations/login.js
FN:4,validateInput
FNF:1
FNH:0
FNDA:0,validateInput
DA:5,0
DA:7,0
DA:8,0
DA:11,0
DA:12,0
DA:15,0
LF:6
LH:0
BRDA:7,0,0,0
BRDA:7,0,1,0
BRDA:11,1,0,0
BRDA:11,1,1,0
BRF:4
BRH:0
end_of_record
TN:
SF:/home/ialy/sw/cat/front/CAT-your-internet-usage/front-end/test/jestsetup.js
FNF:0
FNH:0
DA:14,9
LF:1
LH:1
BRF:0
BRH:0
end_of_record
