TN:
SF:/Users/june/CAT/CAT-your-internet-usage/front-end/client/actions/authActions.js
FN:7,setCurrentUser
FN:14,logout
FN:15,(anonymous_2)
FN:22,login
FN:23,(anonymous_4)
FN:25,(anonymous_5)
FNF:6
FNH:1
FNDA:1,setCurrentUser
FNDA:0,logout
FNDA:0,(anonymous_2)
FNDA:0,login
FNDA:0,(anonymous_4)
FNDA:0,(anonymous_5)
DA:8,1
DA:15,0
DA:16,0
DA:17,0
DA:18,0
DA:23,0
DA:25,0
DA:26,0
DA:27,0
DA:28,0
DA:29,0
LF:11
LH:1
BRF:0
BRH:0
end_of_record
TN:
SF:/Users/june/CAT/CAT-your-internet-usage/front-end/client/actions/flashMessages.js
FN:3,addFlashMessage
FNF:1
FNH:1
FNDA:1,addFlashMessage
DA:4,1
LF:1
LH:1
BRF:0
BRH:0
end_of_record
TN:
SF:/Users/june/CAT/CAT-your-internet-usage/front-end/client/actions/types.js
FNF:0
FNH:0
DA:1,3
DA:2,3
DA:3,3
LF:3
LH:3
BRF:0
BRH:0
end_of_record
TN:
SF:/Users/june/CAT/CAT-your-internet-usage/front-end/client/reducers/auth.js
FN:9,(anonymous_0)
FNF:1
FNH:1
FNDA:2,(anonymous_0)
DA:4,1
DA:10,2
DA:12,1
DA:16,1
LF:4
LH:4
BRDA:9,0,0,1
BRDA:9,1,0,0
BRDA:10,2,0,1
BRDA:10,2,1,1
BRF:4
BRH:3
end_of_record
TN:
SF:/Users/june/CAT/CAT-your-internet-usage/front-end/client/utils/setAuthorizationToken.js
FN:3,setAuthorizationToken
FNF:1
FNH:0
FNDA:0,setAuthorizationToken
DA:4,0
DA:5,0
DA:7,0
LF:3
LH:0
BRDA:4,0,0,0
BRDA:4,0,1,0
BRF:2
BRH:0
end_of_record
TN:
SF:/Users/june/CAT/CAT-your-internet-usage/front-end/test/jestsetup.js
FNF:0
FNH:0
DA:4,3
DA:6,3
DA:7,3
DA:8,3
LF:4
LH:4
BRF:0
BRH:0
end_of_record
